[0m[[0m[0mdebug[0m] [0m[0m> Exec(;Test/compile; collectAnalyses, None, Some(CommandSource(network-1)))[0m
[0m[[0m[0mdebug[0m] [0m[0munmatched Processing event for requestId None: None[0m
[0m[[0m[0mdebug[0m] [0m[0munmatched Done event for requestId None: None[0m
[0m[[0m[0mdebug[0m] [0m[0m> Exec(Test/compile, None, Some(CommandSource(network-1)))[0m
[0m[[0m[0mdebug[0m] [0m[0munmatched Processing event for requestId None: None[0m
[0m[[0m[0mdebug[0m] [0m[0mEvaluating tasks: Test / compile[0m
[0m[[0m[0mdebug[0m] [0m[0mRunning task... Cancel: Signal, check cycles: false, forcegc: true[0m
[0m[[0m[0mdebug[0m] [0m[0mjsonRpcNotify: JsonRpcNotificationMessage(2.0, build/taskStart, {"taskId":{"id":"10","parents":[]},"eventTime":1647531118156,"message":"Compiling graph_squelette","dataKind":"compile-task","data":{"target":{"uri":"file:/C:/Users/CYTech%20Student/OneDrive/Documents/GitHub/graph_squelette/#graph_squelette/Compile"}}})[0m
[0m[[0m[0minfo[0m] [0m[0mcompiling 11 Scala sources to C:\Users\CYTech Student\OneDrive\Documents\GitHub\graph_squelette\target\scala-2.13\classes ...[0m
[0m[[0m[0mdebug[0m] [0m[0mjsonRpcNotify: JsonRpcNotificationMessage(2.0, build/logMessage, {"type":3,"message":"compiling 11 Scala sources to C:\\Users\\CYTech Student\\OneDrive\\Documents\\GitHub\\graph_squelette\\target\\scala-2.13\\classes ..."})[0m
[0m[[0m[0mdebug[0m] [0m[0mjsonRpcNotify: JsonRpcNotificationMessage(2.0, build/taskProgress, {"taskId":{"id":"10","parents":[]},"eventTime":1647531118709,"message":"Compiling graph_squelette (0%)","total":286,"progress":0,"dataKind":"compile-progress","data":{"target":{"uri":"file:/C:/Users/CYTech%20Student/OneDrive/Documents/GitHub/graph_squelette/#graph_squelette/Compile"}}})[0m
[0m[[0m[0mdebug[0m] [0m[0mjsonRpcNotify: JsonRpcNotificationMessage(2.0, build/taskProgress, {"taskId":{"id":"10","parents":[]},"eventTime":1647531118717,"message":"Compiling graph_squelette (0%)","total":286,"progress":0,"dataKind":"compile-progress","data":{"target":{"uri":"file:/C:/Users/CYTech%20Student/OneDrive/Documents/GitHub/graph_squelette/#graph_squelette/Compile"}}})[0m
[0m[[0m[0mdebug[0m] [0m[0mjsonRpcNotify: JsonRpcNotificationMessage(2.0, build/publishDiagnostics, {"textDocument":{"uri":"file:///C:/Users/CYTech%20Student/OneDrive/Documents/GitHub/graph_squelette/src/main/scala/undirected/SimpleGraph.scala"},"buildTarget":{"uri":"file:/C:/Users/CYTech%20Student/OneDrive/Documents/GitHub/graph_squelette/#graph_squelette/Compile"},"diagnostics":[{"range":{"start":{"line":114,"character":123},"end":{"line":114,"character":124}},"severity":1,"source":"sbt","message":"';' expected but ')' found."}],"reset":false})[0m
[0m[[0m[31merror[0m] [0m[0mC:\Users\CYTech Student\OneDrive\Documents\GitHub\graph_squelette\src\main\scala\undirected\SimpleGraph.scala:115:124: ';' expected but ')' found.[0m
[0m[[0m[31merror[0m] [0m[0m       return (this.withoutEdge.+|(valuation.toSeq.sortBy(_._2).head._1))+ minimumSpanningTree(valuation.-(valuation.head))).+|());[0m
[0m[[0m[31merror[0m] [0m[0m                                                                                                                           ^[0m
[0m[[0m[0mdebug[0m] [0m[0mjsonRpcNotify: JsonRpcNotificationMessage(2.0, build/logMessage, {"type":1,"message":"C:\\Users\\CYTech Student\\OneDrive\\Documents\\GitHub\\graph_squelette\\src\\main\\scala\\undirected\\SimpleGraph.scala:115:124: ';' expected but ')' found."})[0m
[0m[[0m[0mdebug[0m] [0m[0mjsonRpcNotify: JsonRpcNotificationMessage(2.0, build/logMessage, {"type":1,"message":"       return (this.withoutEdge.+|(valuation.toSeq.sortBy(_._2).head._1))+ minimumSpanningTree(valuation.-(valuation.head))).+|());"})[0m
[0m[[0m[0mdebug[0m] [0m[0mjsonRpcNotify: JsonRpcNotificationMessage(2.0, build/logMessage, {"type":1,"message":"                                                                                                                           ^"})[0m
[0m[[0m[0mdebug[0m] [0m[0mjsonRpcNotify: JsonRpcNotificationMessage(2.0, build/publishDiagnostics, {"textDocument":{"uri":"file:///C:/Users/CYTech%20Student/OneDrive/Documents/GitHub/graph_squelette/src/main/scala/undirected/SimpleGraph.scala"},"buildTarget":{"uri":"file:/C:/Users/CYTech%20Student/OneDrive/Documents/GitHub/graph_squelette/#graph_squelette/Compile"},"diagnostics":[{"range":{"start":{"line":117,"character":55},"end":{"line":117,"character":56}},"severity":1,"source":"sbt","message":"';' expected but ')' found."}],"reset":false})[0m
[0m[[0m[31merror[0m] [0m[0mC:\Users\CYTech Student\OneDrive\Documents\GitHub\graph_squelette\src\main\scala\undirected\SimpleGraph.scala:118:56: ';' expected but ')' found.[0m
[0m[[0m[31merror[0m] [0m[0m       .+|(x._1); if(!mst.isAcyclic) mst=mst.-|(x._1) })[0m
[0m[[0m[31merror[0m] [0m[0m                                                       ^[0m
[0m[[0m[0mdebug[0m] [0m[0mjsonRpcNotify: JsonRpcNotificationMessage(2.0, build/logMessage, {"type":1,"message":"C:\\Users\\CYTech Student\\OneDrive\\Documents\\GitHub\\graph_squelette\\src\\main\\scala\\undirected\\SimpleGraph.scala:118:56: ';' expected but ')' found."})[0m
[0m[[0m[0mdebug[0m] [0m[0mjsonRpcNotify: JsonRpcNotificationMessage(2.0, build/logMessage, {"type":1,"message":"       .+|(x._1); if(!mst.isAcyclic) mst=mst.-|(x._1) })"})[0m
[0m[[0m[0mdebug[0m] [0m[0mjsonRpcNotify: JsonRpcNotificationMessage(2.0, build/logMessage, {"type":1,"message":"                                                       ^"})[0m
[0m[[0m[0mdebug[0m] [0m[0mjsonRpcNotify: JsonRpcNotificationMessage(2.0, build/publishDiagnostics, {"textDocument":{"uri":"file:///C:/Users/CYTech%20Student/OneDrive/Documents/GitHub/graph_squelette/src/main/scala/undirected/SimpleGraph.scala"},"buildTarget":{"uri":"file:/C:/Users/CYTech%20Student/OneDrive/Documents/GitHub/graph_squelette/#graph_squelette/Compile"},"diagnostics":[{"range":{"start":{"line":120,"character":4},"end":{"line":120,"character":5}},"severity":1,"source":"sbt","message":"Unmatched closing brace '}' ignored here"}],"reset":false})[0m
[0m[[0m[31merror[0m] [0m[0mC:\Users\CYTech Student\OneDrive\Documents\GitHub\graph_squelette\src\main\scala\undirected\SimpleGraph.scala:121:5: Unmatched closing brace '}' ignored here[0m
[0m[[0m[31merror[0m] [0m[0m    }[0m
[0m[[0m[31merror[0m] [0m[0m    ^[0m
[0m[[0m[0mdebug[0m] [0m[0mjsonRpcNotify: JsonRpcNotificationMessage(2.0, build/logMessage, {"type":1,"message":"C:\\Users\\CYTech Student\\OneDrive\\Documents\\GitHub\\graph_squelette\\src\\main\\scala\\undirected\\SimpleGraph.scala:121:5: Unmatched closing brace '}' ignored here"})[0m
[0m[[0m[0mdebug[0m] [0m[0mjsonRpcNotify: JsonRpcNotificationMessage(2.0, build/logMessage, {"type":1,"message":"    }"})[0m
[0m[[0m[0mdebug[0m] [0m[0mjsonRpcNotify: JsonRpcNotificationMessage(2.0, build/logMessage, {"type":1,"message":"    ^"})[0m
[0m[[0m[31merror[0m] [0m[0mthree errors found[0m
[0m[[0m[0mdebug[0m] [0m[0mjsonRpcNotify: JsonRpcNotificationMessage(2.0, build/logMessage, {"type":1,"message":"three errors found"})[0m
[0m[[0m[0mdebug[0m] [0m[0mjsonRpcNotify: JsonRpcNotificationMessage(2.0, build/publishDiagnostics, {"textDocument":{"uri":"file:///C:/Users/CYTech%20Student/OneDrive/Documents/GitHub/graph_squelette/main.scala"},"buildTarget":{"uri":"file:/C:/Users/CYTech%20Student/OneDrive/Documents/GitHub/graph_squelette/#graph_squelette/Compile"},"diagnostics":[],"reset":true})[0m
[0m[[0m[0mdebug[0m] [0m[0mjsonRpcNotify: JsonRpcNotificationMessage(2.0, build/publishDiagnostics, {"textDocument":{"uri":"file:///C:/Users/CYTech%20Student/OneDrive/Documents/GitHub/graph_squelette/src/main/scala/directed/Arc.scala"},"buildTarget":{"uri":"file:/C:/Users/CYTech%20Student/OneDrive/Documents/GitHub/graph_squelette/#graph_squelette/Compile"},"diagnostics":[],"reset":true})[0m
[0m[[0m[0mdebug[0m] [0m[0mjsonRpcNotify: JsonRpcNotificationMessage(2.0, build/publishDiagnostics, {"textDocument":{"uri":"file:///C:/Users/CYTech%20Student/OneDrive/Documents/GitHub/graph_squelette/src/main/scala/directed/StrictGraph.scala"},"buildTarget":{"uri":"file:/C:/Users/CYTech%20Student/OneDrive/Documents/GitHub/graph_squelette/#graph_squelette/Compile"},"diagnostics":[],"reset":true})[0m
[0m[[0m[0mdebug[0m] [0m[0mjsonRpcNotify: JsonRpcNotificationMessage(2.0, build/publishDiagnostics, {"textDocument":{"uri":"file:///C:/Users/CYTech%20Student/OneDrive/Documents/GitHub/graph_squelette/src/main/scala/directed/StrictGraphDefaultImpl.scala"},"buildTarget":{"uri":"file:/C:/Users/CYTech%20Student/OneDrive/Documents/GitHub/graph_squelette/#graph_squelette/Compile"},"diagnostics":[],"reset":true})[0m
[0m[[0m[0mdebug[0m] [0m[0mjsonRpcNotify: JsonRpcNotificationMessage(2.0, build/publishDiagnostics, {"textDocument":{"uri":"file:///C:/Users/CYTech%20Student/OneDrive/Documents/GitHub/graph_squelette/src/main/scala/directed/StrictGraphMatrixImpl.scala"},"buildTarget":{"uri":"file:/C:/Users/CYTech%20Student/OneDrive/Documents/GitHub/graph_squelette/#graph_squelette/Compile"},"diagnostics":[],"reset":true})[0m
[0m[[0m[0mdebug[0m] [0m[0mjsonRpcNotify: JsonRpcNotificationMessage(2.0, build/publishDiagnostics, {"textDocument":{"uri":"file:///C:/Users/CYTech%20Student/OneDrive/Documents/GitHub/graph_squelette/src/main/scala/directed/StrictGraphSuccessorsImpl.scala"},"buildTarget":{"uri":"file:/C:/Users/CYTech%20Student/OneDrive/Documents/GitHub/graph_squelette/#graph_squelette/Compile"},"diagnostics":[],"reset":true})[0m
[0m[[0m[0mdebug[0m] [0m[0mjsonRpcNotify: JsonRpcNotificationMessage(2.0, build/publishDiagnostics, {"textDocument":{"uri":"file:///C:/Users/CYTech%20Student/OneDrive/Documents/GitHub/graph_squelette/src/main/scala/undirected/Edge.scala"},"buildTarget":{"uri":"file:/C:/Users/CYTech%20Student/OneDrive/Documents/GitHub/graph_squelette/#graph_squelette/Compile"},"diagnostics":[],"reset":true})[0m
[0m[[0m[0mdebug[0m] [0m[0mjsonRpcNotify: JsonRpcNotificationMessage(2.0, build/publishDiagnostics, {"textDocument":{"uri":"file:///C:/Users/CYTech%20Student/OneDrive/Documents/GitHub/graph_squelette/src/main/scala/undirected/SimpleGraph.scala"},"buildTarget":{"uri":"file:/C:/Users/CYTech%20Student/OneDrive/Documents/GitHub/graph_squelette/#graph_squelette/Compile"},"diagnostics":[{"range":{"start":{"line":114,"character":123},"end":{"line":114,"character":124}},"severity":1,"source":"sbt","message":"';' expected but ')' found."},{"range":{"start":{"line":117,"character":55},"end":{"line":117,"character":56}},"severity":1,"source":"sbt","message":"';' expected but ')' found."},{"range":{"start":{"line":120,"character":4},"end":{"line":120,"character":5}},"severity":1,"source":"sbt","message":"Unmatched closing brace '}' ignored here"}],"reset":true})[0m
[0m[[0m[0mdebug[0m] [0m[0mjsonRpcNotify: JsonRpcNotificationMessage(2.0, build/publishDiagnostics, {"textDocument":{"uri":"file:///C:/Users/CYTech%20Student/OneDrive/Documents/GitHub/graph_squelette/src/main/scala/undirected/SimpleGraphDefaultImpl.scala"},"buildTarget":{"uri":"file:/C:/Users/CYTech%20Student/OneDrive/Documents/GitHub/graph_squelette/#graph_squelette/Compile"},"diagnostics":[],"reset":true})[0m
[0m[[0m[0mdebug[0m] [0m[0mjsonRpcNotify: JsonRpcNotificationMessage(2.0, build/publishDiagnostics, {"textDocument":{"uri":"file:///C:/Users/CYTech%20Student/OneDrive/Documents/GitHub/graph_squelette/src/main/scala/undirected/SimpleGraphMatrixImpl.scala"},"buildTarget":{"uri":"file:/C:/Users/CYTech%20Student/OneDrive/Documents/GitHub/graph_squelette/#graph_squelette/Compile"},"diagnostics":[],"reset":true})[0m
[0m[[0m[0mdebug[0m] [0m[0mjsonRpcNotify: JsonRpcNotificationMessage(2.0, build/publishDiagnostics, {"textDocument":{"uri":"file:///C:/Users/CYTech%20Student/OneDrive/Documents/GitHub/graph_squelette/src/main/scala/undirected/SimpleGraphNeighborsImpl.scala"},"buildTarget":{"uri":"file:/C:/Users/CYTech%20Student/OneDrive/Documents/GitHub/graph_squelette/#graph_squelette/Compile"},"diagnostics":[],"reset":true})[0m
[0m[[0m[0mdebug[0m] [0m[0mjsonRpcNotify: JsonRpcNotificationMessage(2.0, build/taskFinish, {"taskId":{"id":"10","parents":[]},"eventTime":1647531118781,"message":"Compiled graph_squelette","status":2,"dataKind":"compile-report","data":{"target":{"uri":"file:/C:/Users/CYTech%20Student/OneDrive/Documents/GitHub/graph_squelette/#graph_squelette/Compile"},"errors":3,"warnings":0,"time":625}})[0m
[0m[[0m[0mdebug[0m] [0m[0munmatched json error for requestId None: {"code":-32603,"message":"(Compile / \u001b[31mcompileIncremental\u001b[0m) Compilation failed"}[0m
[0m[[0m[31merror[0m] [0m[0m(Compile / [31mcompileIncremental[0m) Compilation failed[0m
[0m[[0m[0mdebug[0m] [0m[0mjsonRpcNotify: JsonRpcNotificationMessage(2.0, build/logMessage, {"type":1,"message":"(Compile / \u001b[31mcompileIncremental\u001b[0m) Compilation failed"})[0m
[0m[[0m[31merror[0m] [0m[0mTotal time: 1 s, completed Mar 17, 2022 4:31:58 PM[0m
[0m[[0m[0mdebug[0m] [0m[0munmatched Done event for requestId None: None[0m
[0m[[0m[0mdebug[0m] [0m[0m> Exec(shell, None, None)[0m
