[0m[[0m[0mdebug[0m] [0m[0m> Exec(;Test/compile; collectAnalyses, None, Some(CommandSource(network-1)))[0m
[0m[[0m[0mdebug[0m] [0m[0munmatched Processing event for requestId None: None[0m
[0m[[0m[0mdebug[0m] [0m[0munmatched Done event for requestId None: None[0m
[0m[[0m[0mdebug[0m] [0m[0m> Exec(Test/compile, None, Some(CommandSource(network-1)))[0m
[0m[[0m[0mdebug[0m] [0m[0munmatched Processing event for requestId None: None[0m
[0m[[0m[0mdebug[0m] [0m[0mEvaluating tasks: Test / compile[0m
[0m[[0m[0mdebug[0m] [0m[0mRunning task... Cancel: Signal, check cycles: false, forcegc: true[0m
[0m[[0m[0mdebug[0m] [0m[0mjsonRpcNotify: JsonRpcNotificationMessage(2.0, build/taskStart, {"taskId":{"id":"6","parents":[]},"eventTime":1646644837468,"message":"Compiling graph_squelette","dataKind":"compile-task","data":{"target":{"uri":"file:/C:/Users/CYTech%20Student/OneDrive/Documents/GitHub/graph_squelette/#graph_squelette/Compile"}}})[0m
[0m[[0m[0minfo[0m] [0m[0mcompiling 11 Scala sources to C:\Users\CYTech Student\OneDrive\Documents\GitHub\graph_squelette\target\scala-2.13\classes ...[0m
[0m[[0m[0mdebug[0m] [0m[0mjsonRpcNotify: JsonRpcNotificationMessage(2.0, build/logMessage, {"type":3,"message":"compiling 11 Scala sources to C:\\Users\\CYTech Student\\OneDrive\\Documents\\GitHub\\graph_squelette\\target\\scala-2.13\\classes ..."})[0m
[0m[[0m[0mdebug[0m] [0m[0mjsonRpcNotify: JsonRpcNotificationMessage(2.0, build/taskProgress, {"taskId":{"id":"6","parents":[]},"eventTime":1646644837596,"message":"Compiling graph_squelette (0%)","total":286,"progress":0,"dataKind":"compile-progress","data":{"target":{"uri":"file:/C:/Users/CYTech%20Student/OneDrive/Documents/GitHub/graph_squelette/#graph_squelette/Compile"}}})[0m
[0m[[0m[0mdebug[0m] [0m[0mjsonRpcNotify: JsonRpcNotificationMessage(2.0, build/taskProgress, {"taskId":{"id":"6","parents":[]},"eventTime":1646644837598,"message":"Compiling graph_squelette (0%)","total":286,"progress":0,"dataKind":"compile-progress","data":{"target":{"uri":"file:/C:/Users/CYTech%20Student/OneDrive/Documents/GitHub/graph_squelette/#graph_squelette/Compile"}}})[0m
[0m[[0m[0mdebug[0m] [0m[0mjsonRpcNotify: JsonRpcNotificationMessage(2.0, build/taskProgress, {"taskId":{"id":"6","parents":[]},"eventTime":1646644837637,"message":"Compiling graph_squelette (5%)","total":286,"progress":5,"dataKind":"compile-progress","data":{"target":{"uri":"file:/C:/Users/CYTech%20Student/OneDrive/Documents/GitHub/graph_squelette/#graph_squelette/Compile"}}})[0m
[0m[[0m[0mdebug[0m] [0m[0mjsonRpcNotify: JsonRpcNotificationMessage(2.0, build/taskProgress, {"taskId":{"id":"6","parents":[]},"eventTime":1646644837638,"message":"Compiling graph_squelette (5%)","total":286,"progress":5,"dataKind":"compile-progress","data":{"target":{"uri":"file:/C:/Users/CYTech%20Student/OneDrive/Documents/GitHub/graph_squelette/#graph_squelette/Compile"}}})[0m
[0m[[0m[0mdebug[0m] [0m[0mjsonRpcNotify: JsonRpcNotificationMessage(2.0, build/taskProgress, {"taskId":{"id":"6","parents":[]},"eventTime":1646644837640,"message":"Compiling graph_squelette (5%)","total":286,"progress":5,"dataKind":"compile-progress","data":{"target":{"uri":"file:/C:/Users/CYTech%20Student/OneDrive/Documents/GitHub/graph_squelette/#graph_squelette/Compile"}}})[0m
[0m[[0m[0mdebug[0m] [0m[0mjsonRpcNotify: JsonRpcNotificationMessage(2.0, build/taskProgress, {"taskId":{"id":"6","parents":[]},"eventTime":1646644837648,"message":"Compiling graph_squelette (10%)","total":286,"progress":10,"dataKind":"compile-progress","data":{"target":{"uri":"file:/C:/Users/CYTech%20Student/OneDrive/Documents/GitHub/graph_squelette/#graph_squelette/Compile"}}})[0m
[0m[[0m[0mdebug[0m] [0m[0mjsonRpcNotify: JsonRpcNotificationMessage(2.0, build/taskProgress, {"taskId":{"id":"6","parents":[]},"eventTime":1646644837648,"message":"Compiling graph_squelette (10%)","total":286,"progress":10,"dataKind":"compile-progress","data":{"target":{"uri":"file:/C:/Users/CYTech%20Student/OneDrive/Documents/GitHub/graph_squelette/#graph_squelette/Compile"}}})[0m
[0m[[0m[0mdebug[0m] [0m[0mjsonRpcNotify: JsonRpcNotificationMessage(2.0, build/taskProgress, {"taskId":{"id":"6","parents":[]},"eventTime":1646644837649,"message":"Compiling graph_squelette (10%)","total":286,"progress":10,"dataKind":"compile-progress","data":{"target":{"uri":"file:/C:/Users/CYTech%20Student/OneDrive/Documents/GitHub/graph_squelette/#graph_squelette/Compile"}}})[0m
[0m[[0m[0mdebug[0m] [0m[0mjsonRpcNotify: JsonRpcNotificationMessage(2.0, build/publishDiagnostics, {"textDocument":{"uri":"file:///C:/Users/CYTech%20Student/OneDrive/Documents/GitHub/graph_squelette/main.scala"},"buildTarget":{"uri":"file:/C:/Users/CYTech%20Student/OneDrive/Documents/GitHub/graph_squelette/#graph_squelette/Compile"},"diagnostics":[{"range":{"start":{"line":5,"character":16},"end":{"line":5,"character":38}},"severity":1,"source":"sbt","message":"not found: type SimpleGraphDefaultImpl"}],"reset":false})[0m
[0m[[0m[31merror[0m] [0m[0mC:\Users\CYTech Student\OneDrive\Documents\GitHub\graph_squelette\main.scala:6:17: not found: type SimpleGraphDefaultImpl[0m
[0m[[0m[31merror[0m] [0m[0m     val sG=new SimpleGraphDefaultImpl(vertices,edges);[0m
[0m[[0m[31merror[0m] [0m[0m                ^[0m
[0m[[0m[0mdebug[0m] [0m[0mjsonRpcNotify: JsonRpcNotificationMessage(2.0, build/logMessage, {"type":1,"message":"C:\\Users\\CYTech Student\\OneDrive\\Documents\\GitHub\\graph_squelette\\main.scala:6:17: not found: type SimpleGraphDefaultImpl"})[0m
[0m[[0m[0mdebug[0m] [0m[0mjsonRpcNotify: JsonRpcNotificationMessage(2.0, build/logMessage, {"type":1,"message":"     val sG=new SimpleGraphDefaultImpl(vertices,edges);"})[0m
[0m[[0m[0mdebug[0m] [0m[0mjsonRpcNotify: JsonRpcNotificationMessage(2.0, build/logMessage, {"type":1,"message":"                ^"})[0m
[0m[[0m[0mdebug[0m] [0m[0mjsonRpcNotify: JsonRpcNotificationMessage(2.0, build/publishDiagnostics, {"textDocument":{"uri":"file:///C:/Users/CYTech%20Student/OneDrive/Documents/GitHub/graph_squelette/main.scala"},"buildTarget":{"uri":"file:/C:/Users/CYTech%20Student/OneDrive/Documents/GitHub/graph_squelette/#graph_squelette/Compile"},"diagnostics":[{"range":{"start":{"line":5,"character":39},"end":{"line":5,"character":47}},"severity":1,"source":"sbt","message":"not found: value vertices"}],"reset":false})[0m
[0m[[0m[31merror[0m] [0m[0mC:\Users\CYTech Student\OneDrive\Documents\GitHub\graph_squelette\main.scala:6:40: not found: value vertices[0m
[0m[[0m[31merror[0m] [0m[0m     val sG=new SimpleGraphDefaultImpl(vertices,edges);[0m
[0m[[0m[31merror[0m] [0m[0m                                       ^[0m
[0m[[0m[0mdebug[0m] [0m[0mjsonRpcNotify: JsonRpcNotificationMessage(2.0, build/logMessage, {"type":1,"message":"C:\\Users\\CYTech Student\\OneDrive\\Documents\\GitHub\\graph_squelette\\main.scala:6:40: not found: value vertices"})[0m
[0m[[0m[0mdebug[0m] [0m[0mjsonRpcNotify: JsonRpcNotificationMessage(2.0, build/logMessage, {"type":1,"message":"     val sG=new SimpleGraphDefaultImpl(vertices,edges);"})[0m
[0m[[0m[0mdebug[0m] [0m[0mjsonRpcNotify: JsonRpcNotificationMessage(2.0, build/logMessage, {"type":1,"message":"                                       ^"})[0m
[0m[[0m[0mdebug[0m] [0m[0mjsonRpcNotify: JsonRpcNotificationMessage(2.0, build/publishDiagnostics, {"textDocument":{"uri":"file:///C:/Users/CYTech%20Student/OneDrive/Documents/GitHub/graph_squelette/main.scala"},"buildTarget":{"uri":"file:/C:/Users/CYTech%20Student/OneDrive/Documents/GitHub/graph_squelette/#graph_squelette/Compile"},"diagnostics":[{"range":{"start":{"line":5,"character":48},"end":{"line":5,"character":53}},"severity":1,"source":"sbt","message":"not found: value edges"}],"reset":false})[0m
[0m[[0m[31merror[0m] [0m[0mC:\Users\CYTech Student\OneDrive\Documents\GitHub\graph_squelette\main.scala:6:49: not found: value edges[0m
[0m[[0m[31merror[0m] [0m[0m     val sG=new SimpleGraphDefaultImpl(vertices,edges);[0m
[0m[[0m[31merror[0m] [0m[0m                                                ^[0m
[0m[[0m[0mdebug[0m] [0m[0mjsonRpcNotify: JsonRpcNotificationMessage(2.0, build/logMessage, {"type":1,"message":"C:\\Users\\CYTech Student\\OneDrive\\Documents\\GitHub\\graph_squelette\\main.scala:6:49: not found: value edges"})[0m
[0m[[0m[0mdebug[0m] [0m[0mjsonRpcNotify: JsonRpcNotificationMessage(2.0, build/logMessage, {"type":1,"message":"     val sG=new SimpleGraphDefaultImpl(vertices,edges);"})[0m
[0m[[0m[0mdebug[0m] [0m[0mjsonRpcNotify: JsonRpcNotificationMessage(2.0, build/logMessage, {"type":1,"message":"                                                ^"})[0m
[0m[[0m[0mdebug[0m] [0m[0mjsonRpcNotify: JsonRpcNotificationMessage(2.0, build/publishDiagnostics, {"textDocument":{"uri":"file:///C:/Users/CYTech%20Student/OneDrive/Documents/GitHub/graph_squelette/src/main/scala/undirected/Edge.scala"},"buildTarget":{"uri":"file:/C:/Users/CYTech%20Student/OneDrive/Documents/GitHub/graph_squelette/#graph_squelette/Compile"},"diagnostics":[{"range":{"start":{"line":26,"character":20},"end":{"line":26,"character":27}},"severity":2,"source":"sbt","message":"abstract type V in type pattern undirected.Edge[V] is unchecked since it is eliminated by erasure"}],"reset":false})[0m
[0m[[0m[33mwarn[0m] [0m[0mC:\Users\CYTech Student\OneDrive\Documents\GitHub\graph_squelette\src\main\scala\undirected\Edge.scala:27:21: abstract type V in type pattern undirected.Edge[V] is unchecked since it is eliminated by erasure[0m
[0m[[0m[33mwarn[0m] [0m[0m        case that : Edge[V] => that._1 == _1 && that._2 == _2 || that._1 == _2 && that._2 == _1[0m
[0m[[0m[33mwarn[0m] [0m[0m                    ^[0m
[0m[[0m[0mdebug[0m] [0m[0mjsonRpcNotify: JsonRpcNotificationMessage(2.0, build/logMessage, {"type":2,"message":"C:\\Users\\CYTech Student\\OneDrive\\Documents\\GitHub\\graph_squelette\\src\\main\\scala\\undirected\\Edge.scala:27:21: abstract type V in type pattern undirected.Edge[V] is unchecked since it is eliminated by erasure"})[0m
[0m[[0m[0mdebug[0m] [0m[0mjsonRpcNotify: JsonRpcNotificationMessage(2.0, build/logMessage, {"type":2,"message":"        case that : Edge[V] => that._1 == _1 && that._2 == _2 || that._1 == _2 && that._2 == _1"})[0m
[0m[[0m[0mdebug[0m] [0m[0mjsonRpcNotify: JsonRpcNotificationMessage(2.0, build/logMessage, {"type":2,"message":"                    ^"})[0m
[0m[[0m[0mdebug[0m] [0m[0mjsonRpcNotify: JsonRpcNotificationMessage(2.0, build/taskProgress, {"taskId":{"id":"6","parents":[]},"eventTime":1646644837939,"message":"Compiling graph_squelette (15%)","total":286,"progress":15,"dataKind":"compile-progress","data":{"target":{"uri":"file:/C:/Users/CYTech%20Student/OneDrive/Documents/GitHub/graph_squelette/#graph_squelette/Compile"}}})[0m
[0m[[0m[0mdebug[0m] [0m[0mjsonRpcNotify: JsonRpcNotificationMessage(2.0, build/taskProgress, {"taskId":{"id":"6","parents":[]},"eventTime":1646644837957,"message":"Compiling graph_squelette (15%)","total":286,"progress":15,"dataKind":"compile-progress","data":{"target":{"uri":"file:/C:/Users/CYTech%20Student/OneDrive/Documents/GitHub/graph_squelette/#graph_squelette/Compile"}}})[0m
[0m[[0m[0mdebug[0m] [0m[0mjsonRpcNotify: JsonRpcNotificationMessage(2.0, build/taskProgress, {"taskId":{"id":"6","parents":[]},"eventTime":1646644837957,"message":"Compiling graph_squelette (15%)","total":286,"progress":15,"dataKind":"compile-progress","data":{"target":{"uri":"file:/C:/Users/CYTech%20Student/OneDrive/Documents/GitHub/graph_squelette/#graph_squelette/Compile"}}})[0m
[0m[[0m[33mwarn[0m] [0m[0mone warning found[0m
[0m[[0m[0mdebug[0m] [0m[0mjsonRpcNotify: JsonRpcNotificationMessage(2.0, build/logMessage, {"type":2,"message":"one warning found"})[0m
[0m[[0m[31merror[0m] [0m[0mthree errors found[0m
[0m[[0m[0mdebug[0m] [0m[0mjsonRpcNotify: JsonRpcNotificationMessage(2.0, build/logMessage, {"type":1,"message":"three errors found"})[0m
[0m[[0m[0mdebug[0m] [0m[0mjsonRpcNotify: JsonRpcNotificationMessage(2.0, build/publishDiagnostics, {"textDocument":{"uri":"file:///C:/Users/CYTech%20Student/OneDrive/Documents/GitHub/graph_squelette/main.scala"},"buildTarget":{"uri":"file:/C:/Users/CYTech%20Student/OneDrive/Documents/GitHub/graph_squelette/#graph_squelette/Compile"},"diagnostics":[{"range":{"start":{"line":5,"character":16},"end":{"line":5,"character":38}},"severity":1,"source":"sbt","message":"not found: type SimpleGraphDefaultImpl"},{"range":{"start":{"line":5,"character":39},"end":{"line":5,"character":47}},"severity":1,"source":"sbt","message":"not found: value vertices"},{"range":{"start":{"line":5,"character":48},"end":{"line":5,"character":53}},"severity":1,"source":"sbt","message":"not found: value edges"}],"reset":true})[0m
[0m[[0m[0mdebug[0m] [0m[0mjsonRpcNotify: JsonRpcNotificationMessage(2.0, build/publishDiagnostics, {"textDocument":{"uri":"file:///C:/Users/CYTech%20Student/OneDrive/Documents/GitHub/graph_squelette/src/main/scala/directed/Arc.scala"},"buildTarget":{"uri":"file:/C:/Users/CYTech%20Student/OneDrive/Documents/GitHub/graph_squelette/#graph_squelette/Compile"},"diagnostics":[],"reset":true})[0m
[0m[[0m[0mdebug[0m] [0m[0mjsonRpcNotify: JsonRpcNotificationMessage(2.0, build/publishDiagnostics, {"textDocument":{"uri":"file:///C:/Users/CYTech%20Student/OneDrive/Documents/GitHub/graph_squelette/src/main/scala/directed/StrictGraph.scala"},"buildTarget":{"uri":"file:/C:/Users/CYTech%20Student/OneDrive/Documents/GitHub/graph_squelette/#graph_squelette/Compile"},"diagnostics":[],"reset":true})[0m
[0m[[0m[0mdebug[0m] [0m[0mjsonRpcNotify: JsonRpcNotificationMessage(2.0, build/publishDiagnostics, {"textDocument":{"uri":"file:///C:/Users/CYTech%20Student/OneDrive/Documents/GitHub/graph_squelette/src/main/scala/directed/StrictGraphDefaultImpl.scala"},"buildTarget":{"uri":"file:/C:/Users/CYTech%20Student/OneDrive/Documents/GitHub/graph_squelette/#graph_squelette/Compile"},"diagnostics":[],"reset":true})[0m
[0m[[0m[0mdebug[0m] [0m[0mjsonRpcNotify: JsonRpcNotificationMessage(2.0, build/publishDiagnostics, {"textDocument":{"uri":"file:///C:/Users/CYTech%20Student/OneDrive/Documents/GitHub/graph_squelette/src/main/scala/directed/StrictGraphMatrixImpl.scala"},"buildTarget":{"uri":"file:/C:/Users/CYTech%20Student/OneDrive/Documents/GitHub/graph_squelette/#graph_squelette/Compile"},"diagnostics":[],"reset":true})[0m
[0m[[0m[0mdebug[0m] [0m[0mjsonRpcNotify: JsonRpcNotificationMessage(2.0, build/publishDiagnostics, {"textDocument":{"uri":"file:///C:/Users/CYTech%20Student/OneDrive/Documents/GitHub/graph_squelette/src/main/scala/directed/StrictGraphSuccessorsImpl.scala"},"buildTarget":{"uri":"file:/C:/Users/CYTech%20Student/OneDrive/Documents/GitHub/graph_squelette/#graph_squelette/Compile"},"diagnostics":[],"reset":true})[0m
[0m[[0m[0mdebug[0m] [0m[0mjsonRpcNotify: JsonRpcNotificationMessage(2.0, build/publishDiagnostics, {"textDocument":{"uri":"file:///C:/Users/CYTech%20Student/OneDrive/Documents/GitHub/graph_squelette/src/main/scala/undirected/Edge.scala"},"buildTarget":{"uri":"file:/C:/Users/CYTech%20Student/OneDrive/Documents/GitHub/graph_squelette/#graph_squelette/Compile"},"diagnostics":[{"range":{"start":{"line":26,"character":20},"end":{"line":26,"character":27}},"severity":2,"source":"sbt","message":"abstract type V in type pattern undirected.Edge[V] is unchecked since it is eliminated by erasure"}],"reset":true})[0m
[0m[[0m[0mdebug[0m] [0m[0mjsonRpcNotify: JsonRpcNotificationMessage(2.0, build/publishDiagnostics, {"textDocument":{"uri":"file:///C:/Users/CYTech%20Student/OneDrive/Documents/GitHub/graph_squelette/src/main/scala/undirected/SimpleGraph.scala"},"buildTarget":{"uri":"file:/C:/Users/CYTech%20Student/OneDrive/Documents/GitHub/graph_squelette/#graph_squelette/Compile"},"diagnostics":[],"reset":true})[0m
[0m[[0m[0mdebug[0m] [0m[0mjsonRpcNotify: JsonRpcNotificationMessage(2.0, build/publishDiagnostics, {"textDocument":{"uri":"file:///C:/Users/CYTech%20Student/OneDrive/Documents/GitHub/graph_squelette/src/main/scala/undirected/SimpleGraphDefaultImpl.scala"},"buildTarget":{"uri":"file:/C:/Users/CYTech%20Student/OneDrive/Documents/GitHub/graph_squelette/#graph_squelette/Compile"},"diagnostics":[],"reset":true})[0m
[0m[[0m[0mdebug[0m] [0m[0mjsonRpcNotify: JsonRpcNotificationMessage(2.0, build/publishDiagnostics, {"textDocument":{"uri":"file:///C:/Users/CYTech%20Student/OneDrive/Documents/GitHub/graph_squelette/src/main/scala/undirected/SimpleGraphMatrixImpl.scala"},"buildTarget":{"uri":"file:/C:/Users/CYTech%20Student/OneDrive/Documents/GitHub/graph_squelette/#graph_squelette/Compile"},"diagnostics":[],"reset":true})[0m
[0m[[0m[0mdebug[0m] [0m[0mjsonRpcNotify: JsonRpcNotificationMessage(2.0, build/publishDiagnostics, {"textDocument":{"uri":"file:///C:/Users/CYTech%20Student/OneDrive/Documents/GitHub/graph_squelette/src/main/scala/undirected/SimpleGraphNeighborsImpl.scala"},"buildTarget":{"uri":"file:/C:/Users/CYTech%20Student/OneDrive/Documents/GitHub/graph_squelette/#graph_squelette/Compile"},"diagnostics":[],"reset":true})[0m
[0m[[0m[0mdebug[0m] [0m[0mjsonRpcNotify: JsonRpcNotificationMessage(2.0, build/taskFinish, {"taskId":{"id":"6","parents":[]},"eventTime":1646644837968,"message":"Compiled graph_squelette","status":2,"dataKind":"compile-report","data":{"target":{"uri":"file:/C:/Users/CYTech%20Student/OneDrive/Documents/GitHub/graph_squelette/#graph_squelette/Compile"},"errors":3,"warnings":1,"time":500}})[0m
[0m[[0m[0mdebug[0m] [0m[0munmatched json error for requestId None: {"code":-32603,"message":"(Compile / \u001b[31mcompileIncremental\u001b[0m) Compilation failed"}[0m
[0m[[0m[31merror[0m] [0m[0m(Compile / [31mcompileIncremental[0m) Compilation failed[0m
[0m[[0m[0mdebug[0m] [0m[0mjsonRpcNotify: JsonRpcNotificationMessage(2.0, build/logMessage, {"type":1,"message":"(Compile / \u001b[31mcompileIncremental\u001b[0m) Compilation failed"})[0m
[0m[[0m[31merror[0m] [0m[0mTotal time: 1 s, completed Mar 7, 2022 10:20:37 AM[0m
[0m[[0m[0mdebug[0m] [0m[0munmatched Done event for requestId None: None[0m
[0m[[0m[0mdebug[0m] [0m[0m> Exec(shell, None, None)[0m
[0m[[0m[0mdebug[0m] [0m[0mUnhandled request received: shutdown: JsonRpcRequestMessage(2.0, ♨2, shutdown, null})[0m
