[0m[[0m[0mdebug[0m] [0m[0m> Exec(;Test/compile; collectAnalyses, None, Some(CommandSource(network-1)))[0m
[0m[[0m[0mdebug[0m] [0m[0munmatched Processing event for requestId None: None[0m
[0m[[0m[0mdebug[0m] [0m[0munmatched Done event for requestId None: None[0m
[0m[[0m[0mdebug[0m] [0m[0m> Exec(Test/compile, None, Some(CommandSource(network-1)))[0m
[0m[[0m[0mdebug[0m] [0m[0munmatched Processing event for requestId None: None[0m
[0m[[0m[0mdebug[0m] [0m[0mEvaluating tasks: Test / compile[0m
[0m[[0m[0mdebug[0m] [0m[0mRunning task... Cancel: Signal, check cycles: false, forcegc: true[0m
[0m[[0m[0mdebug[0m] [0m[0mjsonRpcNotify: JsonRpcNotificationMessage(2.0, build/taskStart, {"taskId":{"id":"3","parents":[]},"eventTime":1647858911292,"message":"Compiling graph_squelette","dataKind":"compile-task","data":{"target":{"uri":"file:/C:/Users/CYTech%20Student/OneDrive/Documents/GitHub/graph_squelette/#graph_squelette/Compile"}}})[0m
[0m[[0m[0minfo[0m] [0m[0mcompiling 1 Scala source to C:\Users\CYTech Student\OneDrive\Documents\GitHub\graph_squelette\target\scala-2.13\classes ...[0m
[0m[[0m[0mdebug[0m] [0m[0mjsonRpcNotify: JsonRpcNotificationMessage(2.0, build/logMessage, {"type":3,"message":"compiling 1 Scala source to C:\\Users\\CYTech Student\\OneDrive\\Documents\\GitHub\\graph_squelette\\target\\scala-2.13\\classes ..."})[0m
[0m[[0m[0mdebug[0m] [0m[0mjsonRpcNotify: JsonRpcNotificationMessage(2.0, build/publishDiagnostics, {"textDocument":{"uri":"file:///C:/Users/CYTech%20Student/OneDrive/Documents/GitHub/graph_squelette/src/main/scala/undirected/SimpleGraph.scala"},"buildTarget":{"uri":"file:/C:/Users/CYTech%20Student/OneDrive/Documents/GitHub/graph_squelette/#graph_squelette/Compile"},"diagnostics":[{"range":{"start":{"line":114,"character":123},"end":{"line":114,"character":124}},"severity":1,"source":"sbt","message":"';' expected but ')' found."}],"reset":false})[0m
[0m[[0m[31merror[0m] [0m[0mC:\Users\CYTech Student\OneDrive\Documents\GitHub\graph_squelette\src\main\scala\undirected\SimpleGraph.scala:115:124: ';' expected but ')' found.[0m
[0m[[0m[31merror[0m] [0m[0m       return (this.withoutEdge.+|(valuation.toSeq.sortBy(_._2).head._1))+ minimumSpanningTree(valuation.-(valuation.head))).+|());[0m
[0m[[0m[31merror[0m] [0m[0m                                                                                                                           ^[0m
[0m[[0m[0mdebug[0m] [0m[0mjsonRpcNotify: JsonRpcNotificationMessage(2.0, build/logMessage, {"type":1,"message":"C:\\Users\\CYTech Student\\OneDrive\\Documents\\GitHub\\graph_squelette\\src\\main\\scala\\undirected\\SimpleGraph.scala:115:124: ';' expected but ')' found."})[0m
[0m[[0m[0mdebug[0m] [0m[0mjsonRpcNotify: JsonRpcNotificationMessage(2.0, build/logMessage, {"type":1,"message":"       return (this.withoutEdge.+|(valuation.toSeq.sortBy(_._2).head._1))+ minimumSpanningTree(valuation.-(valuation.head))).+|());"})[0m
[0m[[0m[0mdebug[0m] [0m[0mjsonRpcNotify: JsonRpcNotificationMessage(2.0, build/logMessage, {"type":1,"message":"                                                                                                                           ^"})[0m
[0m[[0m[31merror[0m] [0m[0mone error found[0m
[0m[[0m[0mdebug[0m] [0m[0mjsonRpcNotify: JsonRpcNotificationMessage(2.0, build/logMessage, {"type":1,"message":"one error found"})[0m
[0m[[0m[0mdebug[0m] [0m[0mjsonRpcNotify: JsonRpcNotificationMessage(2.0, build/publishDiagnostics, {"textDocument":{"uri":"file:///C:/Users/CYTech%20Student/OneDrive/Documents/GitHub/graph_squelette/main.scala"},"buildTarget":{"uri":"file:/C:/Users/CYTech%20Student/OneDrive/Documents/GitHub/graph_squelette/#graph_squelette/Compile"},"diagnostics":[],"reset":true})[0m
[0m[[0m[0mdebug[0m] [0m[0mjsonRpcNotify: JsonRpcNotificationMessage(2.0, build/publishDiagnostics, {"textDocument":{"uri":"file:///C:/Users/CYTech%20Student/OneDrive/Documents/GitHub/graph_squelette/src/main/scala/directed/Arc.scala"},"buildTarget":{"uri":"file:/C:/Users/CYTech%20Student/OneDrive/Documents/GitHub/graph_squelette/#graph_squelette/Compile"},"diagnostics":[],"reset":true})[0m
[0m[[0m[0mdebug[0m] [0m[0mjsonRpcNotify: JsonRpcNotificationMessage(2.0, build/publishDiagnostics, {"textDocument":{"uri":"file:///C:/Users/CYTech%20Student/OneDrive/Documents/GitHub/graph_squelette/src/main/scala/directed/StrictGraph.scala"},"buildTarget":{"uri":"file:/C:/Users/CYTech%20Student/OneDrive/Documents/GitHub/graph_squelette/#graph_squelette/Compile"},"diagnostics":[],"reset":true})[0m
[0m[[0m[0mdebug[0m] [0m[0mjsonRpcNotify: JsonRpcNotificationMessage(2.0, build/publishDiagnostics, {"textDocument":{"uri":"file:///C:/Users/CYTech%20Student/OneDrive/Documents/GitHub/graph_squelette/src/main/scala/directed/StrictGraphDefaultImpl.scala"},"buildTarget":{"uri":"file:/C:/Users/CYTech%20Student/OneDrive/Documents/GitHub/graph_squelette/#graph_squelette/Compile"},"diagnostics":[],"reset":true})[0m
[0m[[0m[0mdebug[0m] [0m[0mjsonRpcNotify: JsonRpcNotificationMessage(2.0, build/publishDiagnostics, {"textDocument":{"uri":"file:///C:/Users/CYTech%20Student/OneDrive/Documents/GitHub/graph_squelette/src/main/scala/directed/StrictGraphMatrixImpl.scala"},"buildTarget":{"uri":"file:/C:/Users/CYTech%20Student/OneDrive/Documents/GitHub/graph_squelette/#graph_squelette/Compile"},"diagnostics":[],"reset":true})[0m
[0m[[0m[0mdebug[0m] [0m[0mjsonRpcNotify: JsonRpcNotificationMessage(2.0, build/publishDiagnostics, {"textDocument":{"uri":"file:///C:/Users/CYTech%20Student/OneDrive/Documents/GitHub/graph_squelette/src/main/scala/directed/StrictGraphSuccessorsImpl.scala"},"buildTarget":{"uri":"file:/C:/Users/CYTech%20Student/OneDrive/Documents/GitHub/graph_squelette/#graph_squelette/Compile"},"diagnostics":[],"reset":true})[0m
[0m[[0m[0mdebug[0m] [0m[0mjsonRpcNotify: JsonRpcNotificationMessage(2.0, build/publishDiagnostics, {"textDocument":{"uri":"file:///C:/Users/CYTech%20Student/OneDrive/Documents/GitHub/graph_squelette/src/main/scala/undirected/Edge.scala"},"buildTarget":{"uri":"file:/C:/Users/CYTech%20Student/OneDrive/Documents/GitHub/graph_squelette/#graph_squelette/Compile"},"diagnostics":[],"reset":true})[0m
[0m[[0m[0mdebug[0m] [0m[0mjsonRpcNotify: JsonRpcNotificationMessage(2.0, build/publishDiagnostics, {"textDocument":{"uri":"file:///C:/Users/CYTech%20Student/OneDrive/Documents/GitHub/graph_squelette/src/main/scala/undirected/SimpleGraph.scala"},"buildTarget":{"uri":"file:/C:/Users/CYTech%20Student/OneDrive/Documents/GitHub/graph_squelette/#graph_squelette/Compile"},"diagnostics":[{"range":{"start":{"line":114,"character":123},"end":{"line":114,"character":124}},"severity":1,"source":"sbt","message":"';' expected but ')' found."}],"reset":true})[0m
[0m[[0m[0mdebug[0m] [0m[0mjsonRpcNotify: JsonRpcNotificationMessage(2.0, build/publishDiagnostics, {"textDocument":{"uri":"file:///C:/Users/CYTech%20Student/OneDrive/Documents/GitHub/graph_squelette/src/main/scala/undirected/SimpleGraphDefaultImpl.scala"},"buildTarget":{"uri":"file:/C:/Users/CYTech%20Student/OneDrive/Documents/GitHub/graph_squelette/#graph_squelette/Compile"},"diagnostics":[],"reset":true})[0m
[0m[[0m[0mdebug[0m] [0m[0mjsonRpcNotify: JsonRpcNotificationMessage(2.0, build/publishDiagnostics, {"textDocument":{"uri":"file:///C:/Users/CYTech%20Student/OneDrive/Documents/GitHub/graph_squelette/src/main/scala/undirected/SimpleGraphMatrixImpl.scala"},"buildTarget":{"uri":"file:/C:/Users/CYTech%20Student/OneDrive/Documents/GitHub/graph_squelette/#graph_squelette/Compile"},"diagnostics":[],"reset":true})[0m
[0m[[0m[0mdebug[0m] [0m[0mjsonRpcNotify: JsonRpcNotificationMessage(2.0, build/publishDiagnostics, {"textDocument":{"uri":"file:///C:/Users/CYTech%20Student/OneDrive/Documents/GitHub/graph_squelette/src/main/scala/undirected/SimpleGraphNeighborsImpl.scala"},"buildTarget":{"uri":"file:/C:/Users/CYTech%20Student/OneDrive/Documents/GitHub/graph_squelette/#graph_squelette/Compile"},"diagnostics":[],"reset":true})[0m
[0m[[0m[0mdebug[0m] [0m[0mjsonRpcNotify: JsonRpcNotificationMessage(2.0, build/taskFinish, {"taskId":{"id":"3","parents":[]},"eventTime":1647858913890,"message":"Compiled graph_squelette","status":2,"dataKind":"compile-report","data":{"target":{"uri":"file:/C:/Users/CYTech%20Student/OneDrive/Documents/GitHub/graph_squelette/#graph_squelette/Compile"},"errors":1,"warnings":0,"time":2598}})[0m
[0m[[0m[0mdebug[0m] [0m[0munmatched json error for requestId None: {"code":-32603,"message":"(Compile / \u001b[31mcompileIncremental\u001b[0m) Compilation failed"}[0m
[0m[[0m[31merror[0m] [0m[0m(Compile / [31mcompileIncremental[0m) Compilation failed[0m
[0m[[0m[0mdebug[0m] [0m[0mjsonRpcNotify: JsonRpcNotificationMessage(2.0, build/logMessage, {"type":1,"message":"(Compile / \u001b[31mcompileIncremental\u001b[0m) Compilation failed"})[0m
[0m[[0m[31merror[0m] [0m[0mTotal time: 3 s, completed Mar 21, 2022 11:35:13 AM[0m
[0m[[0m[0mdebug[0m] [0m[0munmatched Done event for requestId None: None[0m
[0m[[0m[0mdebug[0m] [0m[0m> Exec(shell, None, None)[0m
