[0m[[0m[0mdebug[0m] [0m[0m> Exec(;Test/compile; collectAnalyses, None, Some(CommandSource(network-1)))[0m
[0m[[0m[0mdebug[0m] [0m[0munmatched Processing event for requestId None: None[0m
[0m[[0m[0mdebug[0m] [0m[0munmatched Done event for requestId None: None[0m
[0m[[0m[0mdebug[0m] [0m[0m> Exec(Test/compile, None, Some(CommandSource(network-1)))[0m
[0m[[0m[0mdebug[0m] [0m[0munmatched Processing event for requestId None: None[0m
[0m[[0m[0mdebug[0m] [0m[0mEvaluating tasks: Test / compile[0m
[0m[[0m[0mdebug[0m] [0m[0mRunning task... Cancel: Signal, check cycles: false, forcegc: true[0m
[0m[[0m[0mdebug[0m] [0m[0mjsonRpcNotify: JsonRpcNotificationMessage(2.0, build/taskStart, {"taskId":{"id":"37","parents":[]},"eventTime":1646653771854,"message":"Compiling graph_squelette","dataKind":"compile-task","data":{"target":{"uri":"file:/C:/Users/CYTech%20Student/OneDrive/Documents/GitHub/graph_squelette/#graph_squelette/Compile"}}})[0m
[0m[[0m[0mdebug[0m] [0m[0mjsonRpcNotify: JsonRpcNotificationMessage(2.0, build/publishDiagnostics, {"textDocument":{"uri":"file:///C:/Users/CYTech%20Student/OneDrive/Documents/GitHub/graph_squelette/src/main/scala/directed/Arc.scala"},"buildTarget":{"uri":"file:/C:/Users/CYTech%20Student/OneDrive/Documents/GitHub/graph_squelette/#graph_squelette/Compile"},"diagnostics":[],"reset":true})[0m
[0m[[0m[0mdebug[0m] [0m[0mjsonRpcNotify: JsonRpcNotificationMessage(2.0, build/publishDiagnostics, {"textDocument":{"uri":"file:///C:/Users/CYTech%20Student/OneDrive/Documents/GitHub/graph_squelette/src/main/scala/undirected/SimpleGraphDefaultImpl.scala"},"buildTarget":{"uri":"file:/C:/Users/CYTech%20Student/OneDrive/Documents/GitHub/graph_squelette/#graph_squelette/Compile"},"diagnostics":[],"reset":true})[0m
[0m[[0m[0mdebug[0m] [0m[0mjsonRpcNotify: JsonRpcNotificationMessage(2.0, build/publishDiagnostics, {"textDocument":{"uri":"file:///C:/Users/CYTech%20Student/OneDrive/Documents/GitHub/graph_squelette/src/main/scala/directed/StrictGraphMatrixImpl.scala"},"buildTarget":{"uri":"file:/C:/Users/CYTech%20Student/OneDrive/Documents/GitHub/graph_squelette/#graph_squelette/Compile"},"diagnostics":[],"reset":true})[0m
[0m[[0m[0mdebug[0m] [0m[0mjsonRpcNotify: JsonRpcNotificationMessage(2.0, build/publishDiagnostics, {"textDocument":{"uri":"file:///C:/Users/CYTech%20Student/OneDrive/Documents/GitHub/graph_squelette/src/main/scala/directed/StrictGraphSuccessorsImpl.scala"},"buildTarget":{"uri":"file:/C:/Users/CYTech%20Student/OneDrive/Documents/GitHub/graph_squelette/#graph_squelette/Compile"},"diagnostics":[],"reset":true})[0m
[0m[[0m[0mdebug[0m] [0m[0mjsonRpcNotify: JsonRpcNotificationMessage(2.0, build/publishDiagnostics, {"textDocument":{"uri":"file:///C:/Users/CYTech%20Student/OneDrive/Documents/GitHub/graph_squelette/main.scala"},"buildTarget":{"uri":"file:/C:/Users/CYTech%20Student/OneDrive/Documents/GitHub/graph_squelette/#graph_squelette/Compile"},"diagnostics":[],"reset":true})[0m
[0m[[0m[0mdebug[0m] [0m[0mjsonRpcNotify: JsonRpcNotificationMessage(2.0, build/publishDiagnostics, {"textDocument":{"uri":"file:///C:/Users/CYTech%20Student/OneDrive/Documents/GitHub/graph_squelette/src/main/scala/undirected/SimpleGraphMatrixImpl.scala"},"buildTarget":{"uri":"file:/C:/Users/CYTech%20Student/OneDrive/Documents/GitHub/graph_squelette/#graph_squelette/Compile"},"diagnostics":[],"reset":true})[0m
[0m[[0m[0mdebug[0m] [0m[0mjsonRpcNotify: JsonRpcNotificationMessage(2.0, build/publishDiagnostics, {"textDocument":{"uri":"file:///C:/Users/CYTech%20Student/OneDrive/Documents/GitHub/graph_squelette/src/main/scala/directed/StrictGraph.scala"},"buildTarget":{"uri":"file:/C:/Users/CYTech%20Student/OneDrive/Documents/GitHub/graph_squelette/#graph_squelette/Compile"},"diagnostics":[],"reset":true})[0m
[0m[[0m[0mdebug[0m] [0m[0mjsonRpcNotify: JsonRpcNotificationMessage(2.0, build/publishDiagnostics, {"textDocument":{"uri":"file:///C:/Users/CYTech%20Student/OneDrive/Documents/GitHub/graph_squelette/src/main/scala/undirected/SimpleGraphNeighborsImpl.scala"},"buildTarget":{"uri":"file:/C:/Users/CYTech%20Student/OneDrive/Documents/GitHub/graph_squelette/#graph_squelette/Compile"},"diagnostics":[],"reset":true})[0m
[0m[[0m[0mdebug[0m] [0m[0mjsonRpcNotify: JsonRpcNotificationMessage(2.0, build/publishDiagnostics, {"textDocument":{"uri":"file:///C:/Users/CYTech%20Student/OneDrive/Documents/GitHub/graph_squelette/src/main/scala/directed/StrictGraphDefaultImpl.scala"},"buildTarget":{"uri":"file:/C:/Users/CYTech%20Student/OneDrive/Documents/GitHub/graph_squelette/#graph_squelette/Compile"},"diagnostics":[],"reset":true})[0m
[0m[[0m[0mdebug[0m] [0m[0mjsonRpcNotify: JsonRpcNotificationMessage(2.0, build/publishDiagnostics, {"textDocument":{"uri":"file:///C:/Users/CYTech%20Student/OneDrive/Documents/GitHub/graph_squelette/src/main/scala/undirected/SimpleGraph.scala"},"buildTarget":{"uri":"file:/C:/Users/CYTech%20Student/OneDrive/Documents/GitHub/graph_squelette/#graph_squelette/Compile"},"diagnostics":[],"reset":true})[0m
[0m[[0m[0mdebug[0m] [0m[0mjsonRpcNotify: JsonRpcNotificationMessage(2.0, build/publishDiagnostics, {"textDocument":{"uri":"file:///C:/Users/CYTech%20Student/OneDrive/Documents/GitHub/graph_squelette/src/main/scala/undirected/Edge.scala"},"buildTarget":{"uri":"file:/C:/Users/CYTech%20Student/OneDrive/Documents/GitHub/graph_squelette/#graph_squelette/Compile"},"diagnostics":[{"range":{"start":{"line":26,"character":20},"end":{"line":26,"character":27}},"severity":2,"source":"sbt","message":"abstract type V in type pattern undirected.Edge[V] is unchecked since it is eliminated by erasure"}],"reset":true})[0m
[0m[[0m[0mdebug[0m] [0m[0mjsonRpcNotify: JsonRpcNotificationMessage(2.0, build/taskFinish, {"taskId":{"id":"37","parents":[]},"eventTime":1646653771874,"message":"Compiled graph_squelette","status":1,"dataKind":"compile-report","data":{"target":{"uri":"file:/C:/Users/CYTech%20Student/OneDrive/Documents/GitHub/graph_squelette/#graph_squelette/Compile"},"errors":0,"warnings":1,"time":20}})[0m
[0m[[0m[0mdebug[0m] [0m[0mjsonRpcNotify: JsonRpcNotificationMessage(2.0, build/taskStart, {"taskId":{"id":"38","parents":[]},"eventTime":1646653771882,"message":"Compiling graph_squelette-test","dataKind":"compile-task","data":{"target":{"uri":"file:/C:/Users/CYTech%20Student/OneDrive/Documents/GitHub/graph_squelette/#graph_squelette/Test"}}})[0m
[0m[[0m[0mdebug[0m] [0m[0mjsonRpcNotify: JsonRpcNotificationMessage(2.0, build/publishDiagnostics, {"textDocument":{"uri":"file:///C:/Users/CYTech%20Student/OneDrive/Documents/GitHub/graph_squelette/src/test/scala/directed/StrictGraphDefaultImplSpec.scala"},"buildTarget":{"uri":"file:/C:/Users/CYTech%20Student/OneDrive/Documents/GitHub/graph_squelette/#graph_squelette/Test"},"diagnostics":[],"reset":true})[0m
[0m[[0m[0mdebug[0m] [0m[0mjsonRpcNotify: JsonRpcNotificationMessage(2.0, build/publishDiagnostics, {"textDocument":{"uri":"file:///C:/Users/CYTech%20Student/OneDrive/Documents/GitHub/graph_squelette/main.scala"},"buildTarget":{"uri":"file:/C:/Users/CYTech%20Student/OneDrive/Documents/GitHub/graph_squelette/#graph_squelette/Test"},"diagnostics":[],"reset":true})[0m
[0m[[0m[0mdebug[0m] [0m[0mjsonRpcNotify: JsonRpcNotificationMessage(2.0, build/publishDiagnostics, {"textDocument":{"uri":"file:///C:/Users/CYTech%20Student/OneDrive/Documents/GitHub/graph_squelette/src/test/scala/undirected/SimpleGraphSpec.scala"},"buildTarget":{"uri":"file:/C:/Users/CYTech%20Student/OneDrive/Documents/GitHub/graph_squelette/#graph_squelette/Test"},"diagnostics":[],"reset":true})[0m
[0m[[0m[0mdebug[0m] [0m[0mjsonRpcNotify: JsonRpcNotificationMessage(2.0, build/publishDiagnostics, {"textDocument":{"uri":"file:///C:/Users/CYTech%20Student/OneDrive/Documents/GitHub/graph_squelette/src/test/scala/undirected/SimpleGraphDefaultImplSpec.scala"},"buildTarget":{"uri":"file:/C:/Users/CYTech%20Student/OneDrive/Documents/GitHub/graph_squelette/#graph_squelette/Test"},"diagnostics":[],"reset":true})[0m
[0m[[0m[0mdebug[0m] [0m[0mjsonRpcNotify: JsonRpcNotificationMessage(2.0, build/publishDiagnostics, {"textDocument":{"uri":"file:///C:/Users/CYTech%20Student/OneDrive/Documents/GitHub/graph_squelette/src/test/scala/directed/StrictGraphSpec.scala"},"buildTarget":{"uri":"file:/C:/Users/CYTech%20Student/OneDrive/Documents/GitHub/graph_squelette/#graph_squelette/Test"},"diagnostics":[],"reset":true})[0m
[0m[[0m[0mdebug[0m] [0m[0mjsonRpcNotify: JsonRpcNotificationMessage(2.0, build/taskFinish, {"taskId":{"id":"38","parents":[]},"eventTime":1646653771895,"message":"Compiled graph_squelette-test","status":1,"dataKind":"compile-report","data":{"target":{"uri":"file:/C:/Users/CYTech%20Student/OneDrive/Documents/GitHub/graph_squelette/#graph_squelette/Test"},"errors":0,"warnings":0,"time":13}})[0m
[0m[[0m[32msuccess[0m] [0m[0mTotal time: 0 s, completed Mar 7, 2022 12:49:31 PM[0m
[0m[[0m[0mdebug[0m] [0m[0munmatched Done event for requestId None: None[0m
[0m[[0m[0mdebug[0m] [0m[0m> Exec(collectAnalyses, None, Some(CommandSource(network-1)))[0m
[0m[[0m[0mdebug[0m] [0m[0munmatched Processing event for requestId None: None[0m
[0m[[0m[0mdebug[0m] [0m[0mEvaluating tasks: Compile / collectAnalyses[0m
[0m[[0m[0mdebug[0m] [0m[0mRunning task... Cancel: Signal, check cycles: false, forcegc: true[0m
[0m[[0m[0mdebug[0m] [0m[0manalysis location (C:\Users\CYTech Student\OneDrive\Documents\GitHub\graph_squelette\target\scala-2.13\zinc\inc_compile_2.13.zip,true)[0m
[0m[[0m[32msuccess[0m] [0m[0mTotal time: 0 s, completed Mar 7, 2022 12:49:32 PM[0m
[0m[[0m[0mdebug[0m] [0m[0munmatched Done event for requestId None: None[0m
[0m[[0m[0mdebug[0m] [0m[0m> Exec(shell, None, None)[0m
[0m[[0m[0mdebug[0m] [0m[0mUnhandled notification received: $/setTraceNotification: JsonRpcNotificationMessage(2.0, $/setTraceNotification, {"value":"off"})[0m
[0m[[0m[0mdebug[0m] [0m[0mlsp-definition json request: {"textDocument":{"uri":"file:///c%3A/Users/CYTech%20Student/OneDrive/Documents/GitHub/graph_squelette/main.scala"},"position":{"line":4,"character":23}}[0m
[0m[[0m[0mdebug[0m] [0m[0mlsp-definition found line:     println("Hello World !");[0m
[0m[[0m[0mdebug[0m] [0m[0msymbol World[0m
[0m[[0m[0mdebug[0m] [0m[0mlsp-definition potentials: Set()[0m
[0m[[0m[0mdebug[0m] [0m[0mlsp-definition locations Vector()[0m
