[0m[[0m[0mdebug[0m] [0m[0m> Exec(run, Some(8827e3a0-664f-4a87-b514-d9cddecd4d9e), Some(CommandSource(console0)))[0m
[0m[[0m[0mdebug[0m] [0m[0mEvaluating tasks: Compile / run[0m
[0m[[0m[0mdebug[0m] [0m[0mRunning task... Cancel: Signal, check cycles: false, forcegc: true[0m
[0m[[0m[0minfo[0m] [0m[0mcompiling 10 Scala sources to H:\Downloads\graph_squelette (1)\graph_squelette\target\scala-2.13\classes ...[0m
[0m[[0m[0minfo[0m] [0m[0mNon-compiled module 'compiler-bridge_2.13' for Scala 2.13.8. Compiling...[0m
[0m[[0m[0minfo[0m] [0m[0m  Compilation completed in 13.886s.[0m
[0m[[0m[33mwarn[0m] [0m[0mH:\Downloads\graph_squelette (1)\graph_squelette\src\main\scala\undirected\Edge.scala:27:21: abstract type V in type pattern undirected.Edge[V] is unchecked since it is eliminated by erasure[0m
[0m[[0m[33mwarn[0m] [0m[0m        case that : Edge[V] => that._1 == _1 && that._2 == _2 || that._1 == _2 && that._2 == _1[0m
[0m[[0m[33mwarn[0m] [0m[0m                    ^[0m
[0m[[0m[33mwarn[0m] [0m[0mone warning found[0m
[0m[[0m[31merror[0m] [0m[0mjava.lang.RuntimeException: No main class detected.[0m
[0m[[0m[31merror[0m] [0m[0m	at scala.sys.package$.error(package.scala:30)[0m
[0m[[0m[31merror[0m] [0m[0m	at sbt.Defaults$.$anonfun$bgRunTask$4(Defaults.scala:1970)[0m
[0m[[0m[31merror[0m] [0m[0m	at scala.Option.getOrElse(Option.scala:189)[0m
[0m[[0m[31merror[0m] [0m[0m	at sbt.Defaults$.$anonfun$bgRunTask$3(Defaults.scala:1970)[0m
[0m[[0m[31merror[0m] [0m[0m	at scala.Function1.$anonfun$compose$1(Function1.scala:49)[0m
[0m[[0m[31merror[0m] [0m[0m	at sbt.internal.util.$tilde$greater.$anonfun$$u2219$1(TypeFunctions.scala:62)[0m
[0m[[0m[31merror[0m] [0m[0m	at sbt.std.Transform$$anon$4.work(Transform.scala:68)[0m
[0m[[0m[31merror[0m] [0m[0m	at sbt.Execute.$anonfun$submit$2(Execute.scala:282)[0m
[0m[[0m[31merror[0m] [0m[0m	at sbt.internal.util.ErrorHandling$.wideConvert(ErrorHandling.scala:23)[0m
[0m[[0m[31merror[0m] [0m[0m	at sbt.Execute.work(Execute.scala:291)[0m
[0m[[0m[31merror[0m] [0m[0m	at sbt.Execute.$anonfun$submit$1(Execute.scala:282)[0m
[0m[[0m[31merror[0m] [0m[0m	at sbt.ConcurrentRestrictions$$anon$4.$anonfun$submitValid$1(ConcurrentRestrictions.scala:265)[0m
[0m[[0m[31merror[0m] [0m[0m	at sbt.CompletionService$$anon$2.call(CompletionService.scala:64)[0m
[0m[[0m[31merror[0m] [0m[0m	at java.util.concurrent.FutureTask.run(Unknown Source)[0m
[0m[[0m[31merror[0m] [0m[0m	at java.util.concurrent.Executors$RunnableAdapter.call(Unknown Source)[0m
[0m[[0m[31merror[0m] [0m[0m	at java.util.concurrent.FutureTask.run(Unknown Source)[0m
[0m[[0m[31merror[0m] [0m[0m	at java.util.concurrent.ThreadPoolExecutor.runWorker(Unknown Source)[0m
[0m[[0m[31merror[0m] [0m[0m	at java.util.concurrent.ThreadPoolExecutor$Worker.run(Unknown Source)[0m
[0m[[0m[31merror[0m] [0m[0m	at java.lang.Thread.run(Unknown Source)[0m
[0m[[0m[31merror[0m] [0m[0m(Compile / [31mbgRun[0m) No main class detected.[0m
[0m[[0m[31merror[0m] [0m[0mTotal time: 30 s, completed Feb 22, 2022 2:42:51 PM[0m
[0m[[0m[0mdebug[0m] [0m[0m> Exec(shell, None, None)[0m
[0m[[0m[0mdebug[0m] [0m[0mForcing garbage collection...[0m
