[0m[[0m[0mdebug[0m] [0m[0m> Exec(;Test/compile; collectAnalyses, None, Some(CommandSource(network-1)))[0m
[0m[[0m[0mdebug[0m] [0m[0munmatched Processing event for requestId None: None[0m
[0m[[0m[0mdebug[0m] [0m[0munmatched Done event for requestId None: None[0m
[0m[[0m[0mdebug[0m] [0m[0m> Exec(Test/compile, None, Some(CommandSource(network-1)))[0m
[0m[[0m[0mdebug[0m] [0m[0munmatched Processing event for requestId None: None[0m
[0m[[0m[0mdebug[0m] [0m[0mEvaluating tasks: Test / compile[0m
[0m[[0m[0mdebug[0m] [0m[0mRunning task... Cancel: Signal, check cycles: false, forcegc: true[0m
[0m[[0m[0mdebug[0m] [0m[0mjsonRpcNotify: JsonRpcNotificationMessage(2.0, build/taskStart, {"taskId":{"id":"11","parents":[]},"eventTime":1645537909077,"message":"Compiling graph_squelette","dataKind":"compile-task","data":{"target":{"uri":"file:/H:/Downloads/graph_squelette%20(1)/graph_squelette/#graph_squelette/Compile"}}})[0m
[0m[[0m[0minfo[0m] [0m[0mcompiling 1 Scala source to H:\Downloads\graph_squelette (1)\graph_squelette\target\scala-2.13\classes ...[0m
[0m[[0m[0mdebug[0m] [0m[0mjsonRpcNotify: JsonRpcNotificationMessage(2.0, build/logMessage, {"type":3,"message":"compiling 1 Scala source to H:\\Downloads\\graph_squelette (1)\\graph_squelette\\target\\scala-2.13\\classes ..."})[0m
[0m[[0m[0mdebug[0m] [0m[0mjsonRpcNotify: JsonRpcNotificationMessage(2.0, build/taskProgress, {"taskId":{"id":"11","parents":[]},"eventTime":1645537909248,"message":"Compiling graph_squelette (15%)","total":26,"progress":15,"dataKind":"compile-progress","data":{"target":{"uri":"file:/H:/Downloads/graph_squelette%20(1)/graph_squelette/#graph_squelette/Compile"}}})[0m
[0m[[0m[0mdebug[0m] [0m[0mjsonRpcNotify: JsonRpcNotificationMessage(2.0, build/taskProgress, {"taskId":{"id":"11","parents":[]},"eventTime":1645537909248,"message":"Compiling graph_squelette (15%)","total":26,"progress":15,"dataKind":"compile-progress","data":{"target":{"uri":"file:/H:/Downloads/graph_squelette%20(1)/graph_squelette/#graph_squelette/Compile"}}})[0m
[0m[[0m[0mdebug[0m] [0m[0mjsonRpcNotify: JsonRpcNotificationMessage(2.0, build/taskProgress, {"taskId":{"id":"11","parents":[]},"eventTime":1645537909256,"message":"Compiling graph_squelette (30%)","total":26,"progress":30,"dataKind":"compile-progress","data":{"target":{"uri":"file:/H:/Downloads/graph_squelette%20(1)/graph_squelette/#graph_squelette/Compile"}}})[0m
[0m[[0m[0mdebug[0m] [0m[0mjsonRpcNotify: JsonRpcNotificationMessage(2.0, build/taskProgress, {"taskId":{"id":"11","parents":[]},"eventTime":1645537909257,"message":"Compiling graph_squelette (30%)","total":26,"progress":30,"dataKind":"compile-progress","data":{"target":{"uri":"file:/H:/Downloads/graph_squelette%20(1)/graph_squelette/#graph_squelette/Compile"}}})[0m
[0m[[0m[0mdebug[0m] [0m[0mjsonRpcNotify: JsonRpcNotificationMessage(2.0, build/taskProgress, {"taskId":{"id":"11","parents":[]},"eventTime":1645537909279,"message":"Compiling graph_squelette (50%)","total":26,"progress":50,"dataKind":"compile-progress","data":{"target":{"uri":"file:/H:/Downloads/graph_squelette%20(1)/graph_squelette/#graph_squelette/Compile"}}})[0m
[0m[[0m[0mdebug[0m] [0m[0mjsonRpcNotify: JsonRpcNotificationMessage(2.0, build/taskProgress, {"taskId":{"id":"11","parents":[]},"eventTime":1645537909279,"message":"Compiling graph_squelette (50%)","total":26,"progress":50,"dataKind":"compile-progress","data":{"target":{"uri":"file:/H:/Downloads/graph_squelette%20(1)/graph_squelette/#graph_squelette/Compile"}}})[0m
[0m[[0m[0mdebug[0m] [0m[0mjsonRpcNotify: JsonRpcNotificationMessage(2.0, build/taskProgress, {"taskId":{"id":"11","parents":[]},"eventTime":1645537909324,"message":"Compiling graph_squelette (65%)","total":26,"progress":65,"dataKind":"compile-progress","data":{"target":{"uri":"file:/H:/Downloads/graph_squelette%20(1)/graph_squelette/#graph_squelette/Compile"}}})[0m
[0m[[0m[0mdebug[0m] [0m[0mjsonRpcNotify: JsonRpcNotificationMessage(2.0, build/taskProgress, {"taskId":{"id":"11","parents":[]},"eventTime":1645537909324,"message":"Compiling graph_squelette (65%)","total":26,"progress":65,"dataKind":"compile-progress","data":{"target":{"uri":"file:/H:/Downloads/graph_squelette%20(1)/graph_squelette/#graph_squelette/Compile"}}})[0m
[0m[[0m[0mdebug[0m] [0m[0mjsonRpcNotify: JsonRpcNotificationMessage(2.0, build/taskProgress, {"taskId":{"id":"11","parents":[]},"eventTime":1645537909333,"message":"Compiling graph_squelette (80%)","total":26,"progress":80,"dataKind":"compile-progress","data":{"target":{"uri":"file:/H:/Downloads/graph_squelette%20(1)/graph_squelette/#graph_squelette/Compile"}}})[0m
[0m[[0m[0mdebug[0m] [0m[0mjsonRpcNotify: JsonRpcNotificationMessage(2.0, build/taskProgress, {"taskId":{"id":"11","parents":[]},"eventTime":1645537909334,"message":"Compiling graph_squelette (80%)","total":26,"progress":80,"dataKind":"compile-progress","data":{"target":{"uri":"file:/H:/Downloads/graph_squelette%20(1)/graph_squelette/#graph_squelette/Compile"}}})[0m
[0m[[0m[0mdebug[0m] [0m[0mjsonRpcNotify: JsonRpcNotificationMessage(2.0, build/taskProgress, {"taskId":{"id":"11","parents":[]},"eventTime":1645537909357,"message":"Compiling graph_squelette (100%)","total":26,"progress":100,"dataKind":"compile-progress","data":{"target":{"uri":"file:/H:/Downloads/graph_squelette%20(1)/graph_squelette/#graph_squelette/Compile"}}})[0m
[0m[[0m[0mdebug[0m] [0m[0mjsonRpcNotify: JsonRpcNotificationMessage(2.0, build/taskProgress, {"taskId":{"id":"11","parents":[]},"eventTime":1645537909357,"message":"Compiling graph_squelette (100%)","total":26,"progress":100,"dataKind":"compile-progress","data":{"target":{"uri":"file:/H:/Downloads/graph_squelette%20(1)/graph_squelette/#graph_squelette/Compile"}}})[0m
[0m[[0m[0mdebug[0m] [0m[0mjsonRpcNotify: JsonRpcNotificationMessage(2.0, build/publishDiagnostics, {"textDocument":{"uri":"file:///H:/Downloads/graph_squelette%20(1)/graph_squelette/src/main/scala/directed/Arc.scala"},"buildTarget":{"uri":"file:/H:/Downloads/graph_squelette%20(1)/graph_squelette/#graph_squelette/Compile"},"diagnostics":[],"reset":true})[0m
[0m[[0m[0mdebug[0m] [0m[0mjsonRpcNotify: JsonRpcNotificationMessage(2.0, build/publishDiagnostics, {"textDocument":{"uri":"file:///H:/Downloads/graph_squelette%20(1)/graph_squelette/src/main/scala/undirected/SimpleGraphDefaultImpl.scala"},"buildTarget":{"uri":"file:/H:/Downloads/graph_squelette%20(1)/graph_squelette/#graph_squelette/Compile"},"diagnostics":[],"reset":true})[0m
[0m[[0m[0mdebug[0m] [0m[0mjsonRpcNotify: JsonRpcNotificationMessage(2.0, build/publishDiagnostics, {"textDocument":{"uri":"file:///H:/Downloads/graph_squelette%20(1)/graph_squelette/src/main/scala/directed/StrictGraphMatrixImpl.scala"},"buildTarget":{"uri":"file:/H:/Downloads/graph_squelette%20(1)/graph_squelette/#graph_squelette/Compile"},"diagnostics":[],"reset":true})[0m
[0m[[0m[0mdebug[0m] [0m[0mjsonRpcNotify: JsonRpcNotificationMessage(2.0, build/publishDiagnostics, {"textDocument":{"uri":"file:///H:/Downloads/graph_squelette%20(1)/graph_squelette/src/main/scala/directed/StrictGraphSuccessorsImpl.scala"},"buildTarget":{"uri":"file:/H:/Downloads/graph_squelette%20(1)/graph_squelette/#graph_squelette/Compile"},"diagnostics":[],"reset":true})[0m
[0m[[0m[0mdebug[0m] [0m[0mjsonRpcNotify: JsonRpcNotificationMessage(2.0, build/publishDiagnostics, {"textDocument":{"uri":"file:///H:/Downloads/graph_squelette%20(1)/graph_squelette/main.scala"},"buildTarget":{"uri":"file:/H:/Downloads/graph_squelette%20(1)/graph_squelette/#graph_squelette/Compile"},"diagnostics":[],"reset":true})[0m
[0m[[0m[0mdebug[0m] [0m[0mjsonRpcNotify: JsonRpcNotificationMessage(2.0, build/publishDiagnostics, {"textDocument":{"uri":"file:///H:/Downloads/graph_squelette%20(1)/graph_squelette/src/main/scala/undirected/SimpleGraphMatrixImpl.scala"},"buildTarget":{"uri":"file:/H:/Downloads/graph_squelette%20(1)/graph_squelette/#graph_squelette/Compile"},"diagnostics":[],"reset":true})[0m
[0m[[0m[0mdebug[0m] [0m[0mjsonRpcNotify: JsonRpcNotificationMessage(2.0, build/publishDiagnostics, {"textDocument":{"uri":"file:///H:/Downloads/graph_squelette%20(1)/graph_squelette/src/main/scala/directed/StrictGraph.scala"},"buildTarget":{"uri":"file:/H:/Downloads/graph_squelette%20(1)/graph_squelette/#graph_squelette/Compile"},"diagnostics":[],"reset":true})[0m
[0m[[0m[0mdebug[0m] [0m[0mjsonRpcNotify: JsonRpcNotificationMessage(2.0, build/publishDiagnostics, {"textDocument":{"uri":"file:///H:/Downloads/graph_squelette%20(1)/graph_squelette/src/main/scala/undirected/SimpleGraphNeighborsImpl.scala"},"buildTarget":{"uri":"file:/H:/Downloads/graph_squelette%20(1)/graph_squelette/#graph_squelette/Compile"},"diagnostics":[],"reset":true})[0m
[0m[[0m[0mdebug[0m] [0m[0mjsonRpcNotify: JsonRpcNotificationMessage(2.0, build/publishDiagnostics, {"textDocument":{"uri":"file:///H:/Downloads/graph_squelette%20(1)/graph_squelette/src/main/scala/directed/StrictGraphDefaultImpl.scala"},"buildTarget":{"uri":"file:/H:/Downloads/graph_squelette%20(1)/graph_squelette/#graph_squelette/Compile"},"diagnostics":[],"reset":true})[0m
[0m[[0m[0mdebug[0m] [0m[0mjsonRpcNotify: JsonRpcNotificationMessage(2.0, build/publishDiagnostics, {"textDocument":{"uri":"file:///H:/Downloads/graph_squelette%20(1)/graph_squelette/src/main/scala/undirected/SimpleGraph.scala"},"buildTarget":{"uri":"file:/H:/Downloads/graph_squelette%20(1)/graph_squelette/#graph_squelette/Compile"},"diagnostics":[],"reset":true})[0m
[0m[[0m[0mdebug[0m] [0m[0mjsonRpcNotify: JsonRpcNotificationMessage(2.0, build/publishDiagnostics, {"textDocument":{"uri":"file:///H:/Downloads/graph_squelette%20(1)/graph_squelette/src/main/scala/undirected/Edge.scala"},"buildTarget":{"uri":"file:/H:/Downloads/graph_squelette%20(1)/graph_squelette/#graph_squelette/Compile"},"diagnostics":[{"range":{"start":{"line":26,"character":20},"end":{"line":26,"character":27}},"severity":2,"source":"sbt","message":"abstract type V in type pattern undirected.Edge[V] is unchecked since it is eliminated by erasure"}],"reset":true})[0m
[0m[[0m[0mdebug[0m] [0m[0mjsonRpcNotify: JsonRpcNotificationMessage(2.0, build/taskFinish, {"taskId":{"id":"11","parents":[]},"eventTime":1645537909366,"message":"Compiled graph_squelette","status":1,"dataKind":"compile-report","data":{"target":{"uri":"file:/H:/Downloads/graph_squelette%20(1)/graph_squelette/#graph_squelette/Compile"},"errors":0,"warnings":1,"time":289}})[0m
[0m[[0m[0mdebug[0m] [0m[0mjsonRpcNotify: JsonRpcNotificationMessage(2.0, build/taskStart, {"taskId":{"id":"12","parents":[]},"eventTime":1645537909384,"message":"Compiling graph_squelette-test","dataKind":"compile-task","data":{"target":{"uri":"file:/H:/Downloads/graph_squelette%20(1)/graph_squelette/#graph_squelette/Test"}}})[0m
[0m[[0m[0minfo[0m] [0m[0mcompiling 1 Scala source to H:\Downloads\graph_squelette (1)\graph_squelette\target\scala-2.13\test-classes ...[0m
[0m[[0m[0mdebug[0m] [0m[0mjsonRpcNotify: JsonRpcNotificationMessage(2.0, build/logMessage, {"type":3,"message":"compiling 1 Scala source to H:\\Downloads\\graph_squelette (1)\\graph_squelette\\target\\scala-2.13\\test-classes ..."})[0m
[0m[[0m[0mdebug[0m] [0m[0mjsonRpcNotify: JsonRpcNotificationMessage(2.0, build/taskProgress, {"taskId":{"id":"12","parents":[]},"eventTime":1645537909452,"message":"Compiling graph_squelette-test (15%)","total":26,"progress":15,"dataKind":"compile-progress","data":{"target":{"uri":"file:/H:/Downloads/graph_squelette%20(1)/graph_squelette/#graph_squelette/Test"}}})[0m
[0m[[0m[0mdebug[0m] [0m[0mjsonRpcNotify: JsonRpcNotificationMessage(2.0, build/taskProgress, {"taskId":{"id":"12","parents":[]},"eventTime":1645537909452,"message":"Compiling graph_squelette-test (15%)","total":26,"progress":15,"dataKind":"compile-progress","data":{"target":{"uri":"file:/H:/Downloads/graph_squelette%20(1)/graph_squelette/#graph_squelette/Test"}}})[0m
[0m[[0m[0mdebug[0m] [0m[0mjsonRpcNotify: JsonRpcNotificationMessage(2.0, build/taskProgress, {"taskId":{"id":"12","parents":[]},"eventTime":1645537909460,"message":"Compiling graph_squelette-test (30%)","total":26,"progress":30,"dataKind":"compile-progress","data":{"target":{"uri":"file:/H:/Downloads/graph_squelette%20(1)/graph_squelette/#graph_squelette/Test"}}})[0m
[0m[[0m[0mdebug[0m] [0m[0mjsonRpcNotify: JsonRpcNotificationMessage(2.0, build/taskProgress, {"taskId":{"id":"12","parents":[]},"eventTime":1645537909460,"message":"Compiling graph_squelette-test (30%)","total":26,"progress":30,"dataKind":"compile-progress","data":{"target":{"uri":"file:/H:/Downloads/graph_squelette%20(1)/graph_squelette/#graph_squelette/Test"}}})[0m
[0m[[0m[0mdebug[0m] [0m[0mjsonRpcNotify: JsonRpcNotificationMessage(2.0, build/taskProgress, {"taskId":{"id":"12","parents":[]},"eventTime":1645537909482,"message":"Compiling graph_squelette-test (50%)","total":26,"progress":50,"dataKind":"compile-progress","data":{"target":{"uri":"file:/H:/Downloads/graph_squelette%20(1)/graph_squelette/#graph_squelette/Test"}}})[0m
[0m[[0m[0mdebug[0m] [0m[0mjsonRpcNotify: JsonRpcNotificationMessage(2.0, build/taskProgress, {"taskId":{"id":"12","parents":[]},"eventTime":1645537909482,"message":"Compiling graph_squelette-test (50%)","total":26,"progress":50,"dataKind":"compile-progress","data":{"target":{"uri":"file:/H:/Downloads/graph_squelette%20(1)/graph_squelette/#graph_squelette/Test"}}})[0m
[0m[[0m[0mdebug[0m] [0m[0mjsonRpcNotify: JsonRpcNotificationMessage(2.0, build/taskProgress, {"taskId":{"id":"12","parents":[]},"eventTime":1645537909537,"message":"Compiling graph_squelette-test (65%)","total":26,"progress":65,"dataKind":"compile-progress","data":{"target":{"uri":"file:/H:/Downloads/graph_squelette%20(1)/graph_squelette/#graph_squelette/Test"}}})[0m
[0m[[0m[0mdebug[0m] [0m[0mjsonRpcNotify: JsonRpcNotificationMessage(2.0, build/taskProgress, {"taskId":{"id":"12","parents":[]},"eventTime":1645537909537,"message":"Compiling graph_squelette-test (65%)","total":26,"progress":65,"dataKind":"compile-progress","data":{"target":{"uri":"file:/H:/Downloads/graph_squelette%20(1)/graph_squelette/#graph_squelette/Test"}}})[0m
[0m[[0m[0mdebug[0m] [0m[0mjsonRpcNotify: JsonRpcNotificationMessage(2.0, build/taskProgress, {"taskId":{"id":"12","parents":[]},"eventTime":1645537909544,"message":"Compiling graph_squelette-test (80%)","total":26,"progress":80,"dataKind":"compile-progress","data":{"target":{"uri":"file:/H:/Downloads/graph_squelette%20(1)/graph_squelette/#graph_squelette/Test"}}})[0m
[0m[[0m[0mdebug[0m] [0m[0mjsonRpcNotify: JsonRpcNotificationMessage(2.0, build/taskProgress, {"taskId":{"id":"12","parents":[]},"eventTime":1645537909544,"message":"Compiling graph_squelette-test (80%)","total":26,"progress":80,"dataKind":"compile-progress","data":{"target":{"uri":"file:/H:/Downloads/graph_squelette%20(1)/graph_squelette/#graph_squelette/Test"}}})[0m
[0m[[0m[0mdebug[0m] [0m[0mjsonRpcNotify: JsonRpcNotificationMessage(2.0, build/taskProgress, {"taskId":{"id":"12","parents":[]},"eventTime":1645537909566,"message":"Compiling graph_squelette-test (100%)","total":26,"progress":100,"dataKind":"compile-progress","data":{"target":{"uri":"file:/H:/Downloads/graph_squelette%20(1)/graph_squelette/#graph_squelette/Test"}}})[0m
[0m[[0m[0mdebug[0m] [0m[0mjsonRpcNotify: JsonRpcNotificationMessage(2.0, build/taskProgress, {"taskId":{"id":"12","parents":[]},"eventTime":1645537909567,"message":"Compiling graph_squelette-test (100%)","total":26,"progress":100,"dataKind":"compile-progress","data":{"target":{"uri":"file:/H:/Downloads/graph_squelette%20(1)/graph_squelette/#graph_squelette/Test"}}})[0m
[0m[[0m[0mdebug[0m] [0m[0mjsonRpcNotify: JsonRpcNotificationMessage(2.0, build/publishDiagnostics, {"textDocument":{"uri":"file:///H:/Downloads/graph_squelette%20(1)/graph_squelette/src/test/scala/directed/StrictGraphDefaultImplSpec.scala"},"buildTarget":{"uri":"file:/H:/Downloads/graph_squelette%20(1)/graph_squelette/#graph_squelette/Test"},"diagnostics":[],"reset":true})[0m
[0m[[0m[0mdebug[0m] [0m[0mjsonRpcNotify: JsonRpcNotificationMessage(2.0, build/publishDiagnostics, {"textDocument":{"uri":"file:///H:/Downloads/graph_squelette%20(1)/graph_squelette/main.scala"},"buildTarget":{"uri":"file:/H:/Downloads/graph_squelette%20(1)/graph_squelette/#graph_squelette/Test"},"diagnostics":[],"reset":true})[0m
[0m[[0m[0mdebug[0m] [0m[0mjsonRpcNotify: JsonRpcNotificationMessage(2.0, build/publishDiagnostics, {"textDocument":{"uri":"file:///H:/Downloads/graph_squelette%20(1)/graph_squelette/src/test/scala/undirected/SimpleGraphSpec.scala"},"buildTarget":{"uri":"file:/H:/Downloads/graph_squelette%20(1)/graph_squelette/#graph_squelette/Test"},"diagnostics":[],"reset":true})[0m
[0m[[0m[0mdebug[0m] [0m[0mjsonRpcNotify: JsonRpcNotificationMessage(2.0, build/publishDiagnostics, {"textDocument":{"uri":"file:///H:/Downloads/graph_squelette%20(1)/graph_squelette/src/test/scala/undirected/SimpleGraphDefaultImplSpec.scala"},"buildTarget":{"uri":"file:/H:/Downloads/graph_squelette%20(1)/graph_squelette/#graph_squelette/Test"},"diagnostics":[],"reset":true})[0m
[0m[[0m[0mdebug[0m] [0m[0mjsonRpcNotify: JsonRpcNotificationMessage(2.0, build/publishDiagnostics, {"textDocument":{"uri":"file:///H:/Downloads/graph_squelette%20(1)/graph_squelette/src/test/scala/directed/StrictGraphSpec.scala"},"buildTarget":{"uri":"file:/H:/Downloads/graph_squelette%20(1)/graph_squelette/#graph_squelette/Test"},"diagnostics":[],"reset":true})[0m
[0m[[0m[0mdebug[0m] [0m[0mjsonRpcNotify: JsonRpcNotificationMessage(2.0, build/taskFinish, {"taskId":{"id":"12","parents":[]},"eventTime":1645537909573,"message":"Compiled graph_squelette-test","status":1,"dataKind":"compile-report","data":{"target":{"uri":"file:/H:/Downloads/graph_squelette%20(1)/graph_squelette/#graph_squelette/Test"},"errors":0,"warnings":0,"time":189}})[0m
[0m[[0m[32msuccess[0m] [0m[0mTotal time: 1 s, completed Feb 22, 2022 2:51:49 PM[0m
[0m[[0m[0mdebug[0m] [0m[0munmatched Done event for requestId None: None[0m
[0m[[0m[0mdebug[0m] [0m[0m> Exec(collectAnalyses, None, Some(CommandSource(network-1)))[0m
[0m[[0m[0mdebug[0m] [0m[0munmatched Processing event for requestId None: None[0m
[0m[[0m[0mdebug[0m] [0m[0mEvaluating tasks: Compile / collectAnalyses[0m
[0m[[0m[0mdebug[0m] [0m[0mRunning task... Cancel: Signal, check cycles: false, forcegc: true[0m
[0m[[0m[0mdebug[0m] [0m[0manalysis location (H:\Downloads\graph_squelette (1)\graph_squelette\target\scala-2.13\zinc\inc_compile_2.13.zip,true)[0m
[0m[[0m[32msuccess[0m] [0m[0mTotal time: 0 s, completed Feb 22, 2022 2:51:49 PM[0m
[0m[[0m[0mdebug[0m] [0m[0munmatched Done event for requestId None: None[0m
[0m[[0m[0mdebug[0m] [0m[0m> Exec(shell, None, None)[0m
