2022.02.22 14:43:48 INFO  tracing is disabled for protocol LSP, to enable tracing of incoming and outgoing JSON messages create an empty file at h:\Downloads\graph_squelette (1)\graph_squelette\.metals\lsp.trace.json or C:\Users\CYTech Student\AppData\Local\scalameta\metals\cache\lsp.trace.json
2022.02.22 14:43:50 INFO  logging to file H:\Downloads\graph_squelette (1)\graph_squelette\.metals\metals.log
2022.02.22 14:43:50 INFO  Started: Metals version 0.11.1 in workspace 'H:\Downloads\graph_squelette (1)\graph_squelette' for client Visual Studio Code 1.64.2.
2022.02.22 14:43:50 INFO  Parse release: 1.8.0_251
2022.02.22 14:43:51 INFO  time: initialize in 1.48s
2022.02.22 14:43:52 WARN  Build server is not auto-connectable.
2022.02.22 14:43:58 INFO  running 'C:\Program Files\Java\jdk1.8.0_251\bin\java -Djline.terminal=jline.UnsupportedTerminal -Dsbt.log.noformat=true -Dfile.encoding=UTF-8 -jar C:\Users\CYTECH~1\AppData\Local\Temp\metals56081544533518683\sbt-launch.jar -Dbloop.export-jar-classifiers=sources bloopInstall'
2022.02.22 14:44:00 INFO  [info] welcome to sbt 1.6.1 (Oracle Corporation Java 1.8.0_251)
2022.02.22 14:44:03 INFO  [info] loading settings for project graph_squelette-build-build from metals.sbt ...
2022.02.22 14:44:05 INFO  [info] loading project definition from H:\Downloads\graph_squelette (1)\graph_squelette\project\project
2022.02.22 14:44:14 INFO  [info] loading settings for project graph_squelette-build from metals.sbt ...
2022.02.22 14:44:14 INFO  [info] loading project definition from H:\Downloads\graph_squelette (1)\graph_squelette\project
2022.02.22 14:44:24 INFO  [success] Generated .bloop\graph_squelette-build.json
2022.02.22 14:44:24 INFO  [success] Total time: 10 s, completed Feb 22, 2022 2:44:24 PM
2022.02.22 14:44:27 INFO  [info] loading settings for project graph_squelette from build.sbt ...
2022.02.22 14:44:27 INFO  [info] set current project to graph (in build file:/H:/Downloads/graph_squelette%20(1)/graph_squelette/)
2022.02.22 14:44:31 INFO  [success] Generated .bloop\graph_squelette.json
2022.02.22 14:44:31 INFO  [success] Generated .bloop\graph_squelette-test.json
2022.02.22 14:44:31 INFO  [success] Total time: 4 s, completed Feb 22, 2022 2:44:31 PM
2022.02.22 14:44:31 INFO  time: ran 'sbt bloopInstall' in 33s
2022.02.22 14:44:31 INFO  Attempting to connect to the build server...
2022.02.22 14:45:02 WARN  no build target for: H:\Downloads\graph_squelette (1)\graph_squelette\src\main\scala\undirected\Edge.scala
2022.02.22 14:45:04 INFO  no build target found for H:\Downloads\graph_squelette (1)\graph_squelette\src\main\scala\undirected\Edge.scala. Using presentation compiler with project's scala-library version: 3.1.0
2022.02.22 14:45:07 INFO  time: code lens generation in 3.93s
2022.02.22 14:45:07 INFO  time: code lens generation in 3.93s
2022.02.22 14:45:07 INFO  time: code lens generation in 1s
2022.02.22 14:45:18 ERROR Starting the bsp launcher for bloop...
2022.02.22 14:45:18 ERROR Opening a bsp server connection with 'bsp --protocol tcp --port 44582'...
2022.02.22 14:45:18 ERROR Waiting for the bsp connection to come up...
2022.02.22 14:45:18 ERROR Waiting for the bsp connection to come up...
2022.02.22 14:45:18 ERROR Waiting for the bsp connection to come up...
2022.02.22 14:45:18 ERROR Waiting for the bsp connection to come up...
2022.02.22 14:45:18 ERROR Waiting for the bsp connection to come up...
2022.02.22 14:45:18 ERROR Waiting for the bsp connection to come up...
2022.02.22 14:45:18 ERROR Waiting for the bsp connection to come up...
2022.02.22 14:45:18 ERROR Waiting for the bsp connection to come up...
2022.02.22 14:45:18 ERROR Waiting for the bsp connection to come up...
2022.02.22 14:45:18 ERROR Waiting for the bsp connection to come up...
2022.02.22 14:45:18 ERROR Waiting for the bsp connection to come up...
2022.02.22 14:45:18 ERROR Waiting for the bsp connection to come up...
2022.02.22 14:45:18 ERROR Waiting for the bsp connection to come up...
2022.02.22 14:45:18 ERROR Waiting for the bsp connection to come up...
2022.02.22 14:45:18 ERROR Waiting for the bsp connection to come up...
2022.02.22 14:45:18 ERROR Waiting for the bsp connection to come up...
2022.02.22 14:45:18 ERROR Waiting for the bsp connection to come up...
2022.02.22 14:45:18 ERROR Waiting for the bsp connection to come up...
2022.02.22 14:45:18 ERROR Waiting for the bsp connection to come up...
2022.02.22 14:45:18 ERROR Waiting for the bsp connection to come up...
2022.02.22 14:45:18 ERROR Waiting for the bsp connection to come up...
2022.02.22 14:45:18 ERROR Waiting for the bsp connection to come up...
2022.02.22 14:45:18 ERROR Waiting for the bsp connection to come up...
2022.02.22 14:45:18 ERROR Waiting for the bsp connection to come up...
2022.02.22 14:45:18 ERROR Waiting for the bsp connection to come up...
2022.02.22 14:45:18 ERROR Waiting for the bsp connection to come up...
2022.02.22 14:45:18 ERROR Waiting for the bsp connection to come up...
2022.02.22 14:45:18 ERROR Waiting for the bsp connection to come up...
2022.02.22 14:45:18 ERROR Waiting for the bsp connection to come up...
2022.02.22 14:45:18 ERROR Waiting for the bsp connection to come up...
2022.02.22 14:45:18 ERROR Waiting for the bsp connection to come up...
2022.02.22 14:45:18 ERROR error: Giving up on waiting for a connection, printing embedded bloop logs:
2022.02.22 14:45:18 ERROR > No server running at 127.0.0.1:8212, let's fire one...
2022.02.22 14:45:18 ERROR > Resolving ch.epfl.scala:bloop-frontend_2.12:1.4.12...
2022.02.22 14:45:18 ERROR > Starting bloop server at 127.0.0.1:8212...
2022.02.22 14:45:18 ERROR > Attempting a connection to the server...
2022.02.22 14:45:18 ERROR error: The launcher failed to establish a bsp connection, aborting...
2022.02.22 14:45:18 ERROR Failed to connect with build server, no functionality will work.
java.lang.RuntimeException: The server did not start, got FailedToOpenBspConnection
	at bloop.launcher.LauncherMain.failPromise$1(Launcher.scala:95)
	at bloop.launcher.LauncherMain.runLauncher(Launcher.scala:122)
	at scala.meta.internal.metals.BloopServers$$anon$2.run(BloopServers.scala:169)
	at java.util.concurrent.Executors$RunnableAdapter.call(Executors.java:511)
	at java.util.concurrent.FutureTask.run(FutureTask.java:266)
	at java.util.concurrent.ThreadPoolExecutor.runWorker(ThreadPoolExecutor.java:1149)
	at java.util.concurrent.ThreadPoolExecutor$Worker.run(ThreadPoolExecutor.java:624)
	at java.lang.Thread.run(Thread.java:748)

2022.02.22 14:45:28 WARN  no build target for: H:\Downloads\graph_squelette (1)\graph_squelette\src\test\scala\directed\StrictGraphDefaultImplSpec.scala
2022.02.22 14:46:37 WARN  no build target for: H:\Downloads\graph_squelette (1)\graph_squelette\project\main.scala
2022.02.22 14:48:36 WARN  no build target for: H:\Downloads\graph_squelette (1)\graph_squelette\project\main.scala
2022.02.22 14:48:45 INFO  running 'C:\Program Files\Java\jdk1.8.0_251\bin\java -Djline.terminal=jline.UnsupportedTerminal -Dsbt.log.noformat=true -Dfile.encoding=UTF-8 -jar C:\Users\CYTECH~1\AppData\Local\Temp\metals4059683293068988840\sbt-launch.jar -Dbloop.export-jar-classifiers=sources bloopInstall'
2022.02.22 14:48:50 INFO  [info] welcome to sbt 1.6.1 (Oracle Corporation Java 1.8.0_251)
2022.02.22 14:48:54 INFO  [info] loading settings for project graph_squelette-build-build from metals.sbt ...
2022.02.22 14:48:56 INFO  [info] loading project definition from H:\Downloads\graph_squelette (1)\graph_squelette\project\project
2022.02.22 14:48:57 INFO  [info] loading settings for project graph_squelette-build from metals.sbt ...
2022.02.22 14:48:57 INFO  [info] loading project definition from H:\Downloads\graph_squelette (1)\graph_squelette\project
2022.02.22 14:49:02 INFO  [success] Generated .bloop\graph_squelette-build.json
2022.02.22 14:49:02 INFO  [info] compiling 1 Scala source to H:\Downloads\graph_squelette (1)\graph_squelette\project\target\scala-2.12\sbt-1.0\classes ...
2022.02.22 14:49:06 INFO  [info] done compiling
2022.02.22 14:49:06 INFO  [success] Total time: 9 s, completed Feb 22, 2022 2:49:07 PM
2022.02.22 14:49:10 INFO  user cancelled sbt bloopInstall
2022.02.22 14:49:10 INFO  time: ran 'sbt bloopInstall' in 25s
2022.02.22 14:49:46 WARN  no build target for: H:\Downloads\graph_squelette (1)\graph_squelette\main.scala
2022.02.22 14:49:48 WARN  no build target for: H:\Downloads\graph_squelette (1)\graph_squelette\main.scala
2022.02.22 14:49:58 WARN  no build target for: H:\Downloads\graph_squelette (1)\graph_squelette\src\main\main.scala
2022.02.22 14:50:00 WARN  no build target for: H:\Downloads\graph_squelette (1)\graph_squelette\src\main\main.scala
2022.02.22 14:50:46 WARN  no build target for: H:\Downloads\graph_squelette (1)\graph_squelette\main.scala
2022.02.22 14:51:48 WARN  no build target for: H:\Downloads\graph_squelette (1)\graph_squelette\main.scala
2022.02.22 14:51:48 INFO  skipping build import with status 'Requested'
2022.02.22 14:55:16 WARN  no build target for: H:\Downloads\graph_squelette (1)\graph_squelette\src\main\scala\directed\Arc.scala
2022.02.22 14:55:17 WARN  no build target for: H:\Downloads\graph_squelette (1)\graph_squelette\src\main\scala\directed\StrictGraph.scala
2022.02.22 14:55:32 WARN  no build target for: H:\Downloads\graph_squelette (1)\graph_squelette\src\main\scala\undirected\SimpleGraph.scala
2022.02.22 14:55:33 WARN  no build target for: H:\Downloads\graph_squelette (1)\graph_squelette\src\main\scala\undirected\SimpleGraphMatrixImpl.scala
2022.02.22 15:04:27 INFO  shutting down Metals
2022.02.22 15:08:18 INFO  tracing is disabled for protocol LSP, to enable tracing of incoming and outgoing JSON messages create an empty file at c:\Users\CYTech Student\OneDrive\Documents\GitHub\graph_squelette\.metals\lsp.trace.json or C:\Users\CYTech Student\AppData\Local\scalameta\metals\cache\lsp.trace.json
2022.02.22 15:08:19 INFO  logging to file C:\Users\CYTech Student\OneDrive\Documents\GitHub\graph_squelette\.metals\metals.log
2022.02.22 15:08:19 INFO  Started: Metals version 0.11.1 in workspace 'C:\Users\CYTech Student\OneDrive\Documents\GitHub\graph_squelette' for client Visual Studio Code 1.64.2.
2022.02.22 15:08:19 INFO  Parse release: 1.8.0_251
2022.02.22 15:08:22 INFO  time: initialize in 3.04s
2022.02.22 15:08:24 INFO  Attempting to connect to the build server...
2022.02.22 15:08:24 INFO  tracing is disabled for protocol BSP, to enable tracing of incoming and outgoing JSON messages create an empty file at C:\Users\CYTech Student\OneDrive\Documents\GitHub\graph_squelette\.metals\bsp.trace.json or C:\Users\CYTech Student\AppData\Local\scalameta\metals\cache\bsp.trace.json
2022.02.22 15:08:26 INFO  no build target found for C:\Users\CYTech Student\OneDrive\Documents\GitHub\graph_squelette\main.scala. Using presentation compiler with project's scala-library version: 3.1.0
2022.02.22 15:08:33 INFO  shutting down Metals
2022.02.22 15:08:33 INFO  time: code lens generation in 8.74s
2022.02.22 15:08:33 INFO  time: code lens generation in 8.76s
Exception in thread "pool-1-thread-6" java.lang.Error: java.lang.InterruptedException
	at java.util.concurrent.ThreadPoolExecutor.runWorker(ThreadPoolExecutor.java:1155)
	at java.util.concurrent.ThreadPoolExecutor$Worker.run(ThreadPoolExecutor.java:624)
	at java.lang.Thread.run(Thread.java:748)
Caused by: java.lang.InterruptedException
	at java.util.concurrent.CompletableFuture.reportGet(CompletableFuture.java:347)
	at java.util.concurrent.CompletableFuture.get(CompletableFuture.java:1928)
	at scala.meta.internal.metals.BuildServerConnection$.initialize(BuildServerConnection.scala:419)
	at scala.meta.internal.metals.BuildServerConnection$.$anonfun$fromSockets$1(BuildServerConnection.scala:329)
	at scala.util.Success.$anonfun$map$1(Try.scala:255)
	at scala.util.Success.map(Try.scala:213)
	at scala.concurrent.Future.$anonfun$map$1(Future.scala:292)
	at scala.concurrent.impl.Promise.liftedTree1$1(Promise.scala:33)
	at scala.concurrent.impl.Promise.$anonfun$transform$1(Promise.scala:33)
	at scala.concurrent.impl.CallbackRunnable.run(Promise.scala:64)
	at java.util.concurrent.ThreadPoolExecutor.runWorker(ThreadPoolExecutor.java:1149)
	... 2 more
